{"level":"info","message":"Servidor WebSocket a localhost:8000"}
{"level":"info","message":"Connectat a MongoDB"}
{"level":"info","message":"Client connectat"}
{"_id":"69dd1bd0c2c0aae9d35f99b8","direccio":"amunt","level":"info","message":"Moviment guardat","partidaId":"69dd1bcec2c0aae9d35f99b7","x":0,"y":1}
{"_id":"69dd1bd1c2c0aae9d35f99b9","direccio":"dreta","level":"info","message":"Moviment guardat","partidaId":"69dd1bcec2c0aae9d35f99b7","x":1,"y":1}
{"_id":"69dd1bd2c2c0aae9d35f99ba","direccio":"esquerra","level":"info","message":"Moviment guardat","partidaId":"69dd1bcec2c0aae9d35f99b7","x":0,"y":1}
{"_id":"69dd1bd2c2c0aae9d35f99bb","direccio":"avall","level":"info","message":"Moviment guardat","partidaId":"69dd1bcec2c0aae9d35f99b7","x":0,"y":0}
{"_id":"69dd1bd2c2c0aae9d35f99bc","direccio":"dreta","level":"info","message":"Moviment guardat","partidaId":"69dd1bcec2c0aae9d35f99b7","x":1,"y":0}
{"_id":"69dd1bd2c2c0aae9d35f99bd","direccio":"esquerra","level":"info","message":"Moviment guardat","partidaId":"69dd1bcec2c0aae9d35f99b7","x":0,"y":0}
{"_id":"69dd1bd3c2c0aae9d35f99be","direccio":"amunt","level":"info","message":"Moviment guardat","partidaId":"69dd1bcec2c0aae9d35f99b7","x":0,"y":1}
{"_id":"69dd1bd3c2c0aae9d35f99bf","direccio":"amunt","level":"info","message":"Moviment guardat","partidaId":"69dd1bcec2c0aae9d35f99b7","x":0,"y":2}
{"_id":"69dd1bd3c2c0aae9d35f99c0","direccio":"amunt","level":"info","message":"Moviment guardat","partidaId":"69dd1bcec2c0aae9d35f99b7","x":0,"y":3}
{"_id":"69dd1bd3c2c0aae9d35f99c1","direccio":"amunt","level":"info","message":"Moviment guardat","partidaId":"69dd1bcec2c0aae9d35f99b7","x":0,"y":4}
{"_id":"69dd1bd4c2c0aae9d35f99c2","direccio":"amunt","level":"info","message":"Moviment guardat","partidaId":"69dd1bcec2c0aae9d35f99b7","x":0,"y":5}
{"_id":"69dd1bd4c2c0aae9d35f99c3","direccio":"amunt","level":"info","message":"Moviment guardat","partidaId":"69dd1bcec2c0aae9d35f99b7","x":0,"y":6}
{"_id":"69dd1bd4c2c0aae9d35f99c4","direccio":"amunt","level":"info","message":"Moviment guardat","partidaId":"69dd1bcec2c0aae9d35f99b7","x":0,"y":7}
{"_id":"69dd1bd4c2c0aae9d35f99c5","direccio":"amunt","level":"info","message":"Moviment guardat","partidaId":"69dd1bcec2c0aae9d35f99b7","x":0,"y":8}
{"_id":"69dd1bd4c2c0aae9d35f99c6","direccio":"amunt","level":"info","message":"Moviment guardat","partidaId":"69dd1bcec2c0aae9d35f99b7","x":0,"y":9}
{"_id":"69dd1bd4c2c0aae9d35f99c7","direccio":"amunt","level":"info","message":"Moviment guardat","partidaId":"69dd1bcec2c0aae9d35f99b7","x":0,"y":10}
{"_id":"69dd1bd4c2c0aae9d35f99c8","direccio":"amunt","level":"info","message":"Moviment guardat","partidaId":"69dd1bcec2c0aae9d35f99b7","x":0,"y":11}
{"_id":"69dd1bd4c2c0aae9d35f99c9","direccio":"amunt","level":"info","message":"Moviment guardat","partidaId":"69dd1bcec2c0aae9d35f99b7","x":0,"y":12}
{"_id":"69dd1bd4c2c0aae9d35f99ca","direccio":"amunt","level":"info","message":"Moviment guardat","partidaId":"69dd1bcec2c0aae9d35f99b7","x":0,"y":13}
{"_id":"69dd1bd4c2c0aae9d35f99cb","direccio":"amunt","level":"info","message":"Moviment guardat","partidaId":"69dd1bcec2c0aae9d35f99b7","x":0,"y":14}
{"_id":"69dd1bd4c2c0aae9d35f99cc","direccio":"amunt","level":"info","message":"Moviment guardat","partidaId":"69dd1bcec2c0aae9d35f99b7","x":0,"y":15}
{"_id":"69dd1bd4c2c0aae9d35f99cd","direccio":"amunt","level":"info","message":"Moviment guardat","partidaId":"69dd1bcec2c0aae9d35f99b7","x":0,"y":16}
{"_id":"69dd1bd4c2c0aae9d35f99ce","direccio":"amunt","level":"info","message":"Moviment guardat","partidaId":"69dd1bcec2c0aae9d35f99b7","x":0,"y":17}
{"_id":"69dd1bd4c2c0aae9d35f99cf","direccio":"amunt","level":"info","message":"Moviment guardat","partidaId":"69dd1bcec2c0aae9d35f99b7","x":0,"y":18}
{"_id":"69dd1bd4c2c0aae9d35f99d0","direccio":"amunt","level":"info","message":"Moviment guardat","partidaId":"69dd1bcec2c0aae9d35f99b7","x":0,"y":19}
{"_id":"69dd1bd4c2c0aae9d35f99d1","direccio":"amunt","level":"info","message":"Moviment guardat","partidaId":"69dd1bcec2c0aae9d35f99b7","x":0,"y":20}
{"_id":"69dd1bd4c2c0aae9d35f99d2","direccio":"amunt","level":"info","message":"Moviment guardat","partidaId":"69dd1bcec2c0aae9d35f99b7","x":0,"y":21}
{"_id":"69dd1bd4c2c0aae9d35f99d3","direccio":"amunt","level":"info","message":"Moviment guardat","partidaId":"69dd1bcec2c0aae9d35f99b7","x":0,"y":22}
{"_id":"69dd1bd4c2c0aae9d35f99d4","direccio":"amunt","level":"info","message":"Moviment guardat","partidaId":"69dd1bcec2c0aae9d35f99b7","x":0,"y":23}
{"_id":"69dd1bd4c2c0aae9d35f99d5","direccio":"amunt","level":"info","message":"Moviment guardat","partidaId":"69dd1bcec2c0aae9d35f99b7","x":0,"y":24}
{"_id":"69dd1bd4c2c0aae9d35f99d6","direccio":"amunt","level":"info","message":"Moviment guardat","partidaId":"69dd1bcec2c0aae9d35f99b7","x":0,"y":25}
{"_id":"69dd1bd4c2c0aae9d35f99d7","direccio":"amunt","level":"info","message":"Moviment guardat","partidaId":"69dd1bcec2c0aae9d35f99b7","x":0,"y":26}
{"_id":"69dd1bd4c2c0aae9d35f99d8","direccio":"amunt","level":"info","message":"Moviment guardat","partidaId":"69dd1bcec2c0aae9d35f99b7","x":0,"y":27}
{"_id":"69dd1bd5c2c0aae9d35f99d9","direccio":"amunt","level":"info","message":"Moviment guardat","partidaId":"69dd1bcec2c0aae9d35f99b7","x":0,"y":28}
{"_id":"69dd1bd5c2c0aae9d35f99da","direccio":"amunt","level":"info","message":"Moviment guardat","partidaId":"69dd1bcec2c0aae9d35f99b7","x":0,"y":29}
{"_id":"69dd1bd5c2c0aae9d35f99db","direccio":"amunt","level":"info","message":"Moviment guardat","partidaId":"69dd1bcec2c0aae9d35f99b7","x":0,"y":30}
{"_id":"69dd1bd5c2c0aae9d35f99dc","direccio":"amunt","level":"info","message":"Moviment guardat","partidaId":"69dd1bcec2c0aae9d35f99b7","x":0,"y":31}
{"_id":"69dd1bd5c2c0aae9d35f99dd","direccio":"amunt","level":"info","message":"Moviment guardat","partidaId":"69dd1bcec2c0aae9d35f99b7","x":0,"y":32}
{"_id":"69dd1bd5c2c0aae9d35f99df","direccio":"amunt","level":"info","message":"Moviment guardat","partidaId":"69dd1bcec2c0aae9d35f99b7","x":0,"y":34}
{"_id":"69dd1bd5c2c0aae9d35f99de","direccio":"amunt","level":"info","message":"Moviment guardat","partidaId":"69dd1bcec2c0aae9d35f99b7","x":0,"y":33}
{"_id":"69dd1bd5c2c0aae9d35f99e0","direccio":"amunt","level":"info","message":"Moviment guardat","partidaId":"69dd1bcec2c0aae9d35f99b7","x":0,"y":35}
{"_id":"69dd1bd5c2c0aae9d35f99e1","direccio":"amunt","level":"info","message":"Moviment guardat","partidaId":"69dd1bcec2c0aae9d35f99b7","x":0,"y":36}
{"_id":"69dd1bd5c2c0aae9d35f99e2","direccio":"amunt","level":"info","message":"Moviment guardat","partidaId":"69dd1bcec2c0aae9d35f99b7","x":0,"y":37}
{"_id":"69dd1bd5c2c0aae9d35f99e3","direccio":"amunt","level":"info","message":"Moviment guardat","partidaId":"69dd1bcec2c0aae9d35f99b7","x":0,"y":38}
{"_id":"69dd1bd5c2c0aae9d35f99e4","direccio":"amunt","level":"info","message":"Moviment guardat","partidaId":"69dd1bcec2c0aae9d35f99b7","x":0,"y":39}
{"_id":"69dd1bd5c2c0aae9d35f99e5","direccio":"amunt","level":"info","message":"Moviment guardat","partidaId":"69dd1bcec2c0aae9d35f99b7","x":0,"y":40}
{"_id":"69dd1bd5c2c0aae9d35f99e6","direccio":"amunt","level":"info","message":"Moviment guardat","partidaId":"69dd1bcec2c0aae9d35f99b7","x":0,"y":41}
{"_id":"69dd1bd5c2c0aae9d35f99e7","direccio":"amunt","level":"info","message":"Moviment guardat","partidaId":"69dd1bcec2c0aae9d35f99b7","x":0,"y":42}
{"_id":"69dd1bd5c2c0aae9d35f99e8","direccio":"amunt","level":"info","message":"Moviment guardat","partidaId":"69dd1bcec2c0aae9d35f99b7","x":0,"y":43}
{"_id":"69dd1bd5c2c0aae9d35f99e9","direccio":"amunt","level":"info","message":"Moviment guardat","partidaId":"69dd1bcec2c0aae9d35f99b7","x":0,"y":44}
{"_id":"69dd1bd5c2c0aae9d35f99ea","direccio":"amunt","level":"info","message":"Moviment guardat","partidaId":"69dd1bcec2c0aae9d35f99b7","x":0,"y":45}
{"_id":"69dd1bd5c2c0aae9d35f99eb","direccio":"dreta","level":"info","message":"Moviment guardat","partidaId":"69dd1bcec2c0aae9d35f99b7","x":1,"y":45}
{"_id":"69dd1bd6c2c0aae9d35f99ec","direccio":"dreta","level":"info","message":"Moviment guardat","partidaId":"69dd1bcec2c0aae9d35f99b7","x":2,"y":45}
{"_id":"69dd1bd6c2c0aae9d35f99ed","direccio":"dreta","level":"info","message":"Moviment guardat","partidaId":"69dd1bcec2c0aae9d35f99b7","x":3,"y":45}
{"_id":"69dd1bd6c2c0aae9d35f99ee","direccio":"dreta","level":"info","message":"Moviment guardat","partidaId":"69dd1bcec2c0aae9d35f99b7","x":4,"y":45}
{"_id":"69dd1bd6c2c0aae9d35f99ef","direccio":"dreta","level":"info","message":"Moviment guardat","partidaId":"69dd1bcec2c0aae9d35f99b7","x":5,"y":45}
{"_id":"69dd1bd6c2c0aae9d35f99f0","direccio":"dreta","level":"info","message":"Moviment guardat","partidaId":"69dd1bcec2c0aae9d35f99b7","x":6,"y":45}
{"_id":"69dd1bd6c2c0aae9d35f99f1","direccio":"dreta","level":"info","message":"Moviment guardat","partidaId":"69dd1bcec2c0aae9d35f99b7","x":7,"y":45}
{"_id":"69dd1bd6c2c0aae9d35f99f2","direccio":"dreta","level":"info","message":"Moviment guardat","partidaId":"69dd1bcec2c0aae9d35f99b7","x":8,"y":45}
{"_id":"69dd1bd6c2c0aae9d35f99f3","direccio":"dreta","level":"info","message":"Moviment guardat","partidaId":"69dd1bcec2c0aae9d35f99b7","x":9,"y":45}
{"_id":"69dd1bd6c2c0aae9d35f99f4","direccio":"dreta","level":"info","message":"Moviment guardat","partidaId":"69dd1bcec2c0aae9d35f99b7","x":10,"y":45}
{"_id":"69dd1bd6c2c0aae9d35f99f5","direccio":"dreta","level":"info","message":"Moviment guardat","partidaId":"69dd1bcec2c0aae9d35f99b7","x":11,"y":45}
{"_id":"69dd1bd6c2c0aae9d35f99f6","direccio":"dreta","level":"info","message":"Moviment guardat","partidaId":"69dd1bcec2c0aae9d35f99b7","x":12,"y":45}
{"_id":"69dd1bd6c2c0aae9d35f99f7","direccio":"dreta","level":"info","message":"Moviment guardat","partidaId":"69dd1bcec2c0aae9d35f99b7","x":13,"y":45}
{"_id":"69dd1bd6c2c0aae9d35f99f8","direccio":"dreta","level":"info","message":"Moviment guardat","partidaId":"69dd1bcec2c0aae9d35f99b7","x":14,"y":45}
{"_id":"69dd1bd6c2c0aae9d35f99f9","direccio":"dreta","level":"info","message":"Moviment guardat","partidaId":"69dd1bcec2c0aae9d35f99b7","x":15,"y":45}
{"_id":"69dd1bd6c2c0aae9d35f99fa","direccio":"dreta","level":"info","message":"Moviment guardat","partidaId":"69dd1bcec2c0aae9d35f99b7","x":16,"y":45}
{"_id":"69dd1bd6c2c0aae9d35f99fb","direccio":"dreta","level":"info","message":"Moviment guardat","partidaId":"69dd1bcec2c0aae9d35f99b7","x":17,"y":45}
{"_id":"69dd1bd6c2c0aae9d35f99fc","direccio":"dreta","level":"info","message":"Moviment guardat","partidaId":"69dd1bcec2c0aae9d35f99b7","x":18,"y":45}
{"_id":"69dd1bd6c2c0aae9d35f99fd","direccio":"dreta","level":"info","message":"Moviment guardat","partidaId":"69dd1bcec2c0aae9d35f99b7","x":19,"y":45}
{"_id":"69dd1bd6c2c0aae9d35f99fe","direccio":"dreta","level":"info","message":"Moviment guardat","partidaId":"69dd1bcec2c0aae9d35f99b7","x":20,"y":45}
{"_id":"69dd1bd6c2c0aae9d35f99ff","direccio":"dreta","level":"info","message":"Moviment guardat","partidaId":"69dd1bcec2c0aae9d35f99b7","x":21,"y":45}
{"_id":"69dd1bd6c2c0aae9d35f9a00","direccio":"dreta","level":"info","message":"Moviment guardat","partidaId":"69dd1bcec2c0aae9d35f99b7","x":22,"y":45}
{"_id":"69dd1bd6c2c0aae9d35f9a01","direccio":"dreta","level":"info","message":"Moviment guardat","partidaId":"69dd1bcec2c0aae9d35f99b7","x":23,"y":45}
{"_id":"69dd1bd6c2c0aae9d35f9a02","direccio":"dreta","level":"info","message":"Moviment guardat","partidaId":"69dd1bcec2c0aae9d35f99b7","x":24,"y":45}
{"_id":"69dd1bd6c2c0aae9d35f9a03","direccio":"dreta","level":"info","message":"Moviment guardat","partidaId":"69dd1bcec2c0aae9d35f99b7","x":25,"y":45}
{"_id":"69dd1bd6c2c0aae9d35f9a04","direccio":"dreta","level":"info","message":"Moviment guardat","partidaId":"69dd1bcec2c0aae9d35f99b7","x":26,"y":45}
{"_id":"69dd1bd6c2c0aae9d35f9a05","direccio":"dreta","level":"info","message":"Moviment guardat","partidaId":"69dd1bcec2c0aae9d35f99b7","x":27,"y":45}
{"_id":"69dd1bd6c2c0aae9d35f9a06","direccio":"dreta","level":"info","message":"Moviment guardat","partidaId":"69dd1bcec2c0aae9d35f99b7","x":28,"y":45}
{"_id":"69dd1bd6c2c0aae9d35f9a07","direccio":"dreta","level":"info","message":"Moviment guardat","partidaId":"69dd1bcec2c0aae9d35f99b7","x":29,"y":45}
{"_id":"69dd1bd6c2c0aae9d35f9a08","direccio":"dreta","level":"info","message":"Moviment guardat","partidaId":"69dd1bcec2c0aae9d35f99b7","x":30,"y":45}
{"_id":"69dd1bd6c2c0aae9d35f9a09","direccio":"dreta","level":"info","message":"Moviment guardat","partidaId":"69dd1bcec2c0aae9d35f99b7","x":31,"y":45}
{"_id":"69dd1bd6c2c0aae9d35f9a0a","direccio":"dreta","level":"info","message":"Moviment guardat","partidaId":"69dd1bcec2c0aae9d35f99b7","x":32,"y":45}
{"_id":"69dd1bd6c2c0aae9d35f9a0b","direccio":"dreta","level":"info","message":"Moviment guardat","partidaId":"69dd1bcec2c0aae9d35f99b7","x":33,"y":45}
{"_id":"69dd1bd7c2c0aae9d35f9a0c","direccio":"dreta","level":"info","message":"Moviment guardat","partidaId":"69dd1bcec2c0aae9d35f99b7","x":34,"y":45}
{"_id":"69dd1bd7c2c0aae9d35f9a0d","direccio":"avall","level":"info","message":"Moviment guardat","partidaId":"69dd1bcec2c0aae9d35f99b7","x":34,"y":44}
{"_id":"69dd1bd7c2c0aae9d35f9a0e","direccio":"avall","level":"info","message":"Moviment guardat","partidaId":"69dd1bcec2c0aae9d35f99b7","x":34,"y":43}
{"_id":"69dd1bd7c2c0aae9d35f9a0f","direccio":"dreta","level":"info","message":"Moviment guardat","partidaId":"69dd1bcec2c0aae9d35f99b7","x":35,"y":43}
{"_id":"69dd1bd7c2c0aae9d35f9a10","direccio":"avall","level":"info","message":"Moviment guardat","partidaId":"69dd1bcec2c0aae9d35f99b7","x":35,"y":42}
{"_id":"69dd1bd7c2c0aae9d35f9a11","direccio":"dreta","level":"info","message":"Moviment guardat","partidaId":"69dd1bcec2c0aae9d35f99b7","x":36,"y":42}
{"_id":"69dd1bd7c2c0aae9d35f9a12","direccio":"avall","level":"info","message":"Moviment guardat","partidaId":"69dd1bcec2c0aae9d35f99b7","x":36,"y":41}
{"_id":"69dd1bd8c2c0aae9d35f9a13","direccio":"dreta","level":"info","message":"Moviment guardat","partidaId":"69dd1bcec2c0aae9d35f99b7","x":37,"y":41}
{"_id":"69dd1bd8c2c0aae9d35f9a14","direccio":"avall","level":"info","message":"Moviment guardat","partidaId":"69dd1bcec2c0aae9d35f99b7","x":37,"y":40}
{"_id":"69dd1bd8c2c0aae9d35f9a15","direccio":"dreta","level":"info","message":"Moviment guardat","partidaId":"69dd1bcec2c0aae9d35f99b7","x":38,"y":40}
{"_id":"69dd1bd8c2c0aae9d35f9a16","direccio":"avall","level":"info","message":"Moviment guardat","partidaId":"69dd1bcec2c0aae9d35f99b7","x":38,"y":39}
{"_id":"69dd1bd8c2c0aae9d35f9a17","direccio":"dreta","level":"info","message":"Moviment guardat","partidaId":"69dd1bcec2c0aae9d35f99b7","x":39,"y":39}
{"_id":"69dd1bd8c2c0aae9d35f9a18","direccio":"esquerra","level":"info","message":"Moviment guardat","partidaId":"69dd1bcec2c0aae9d35f99b7","x":38,"y":39}
{"_id":"69dd1bd8c2c0aae9d35f9a19","direccio":"amunt","level":"info","message":"Moviment guardat","partidaId":"69dd1bcec2c0aae9d35f99b7","x":38,"y":40}
{"_id":"69dd1bd8c2c0aae9d35f9a1a","direccio":"esquerra","level":"info","message":"Moviment guardat","partidaId":"69dd1bcec2c0aae9d35f99b7","x":37,"y":40}
{"_id":"69dd1bd8c2c0aae9d35f9a1b","direccio":"dreta","level":"info","message":"Moviment guardat","partidaId":"69dd1bcec2c0aae9d35f99b7","x":38,"y":40}
{"_id":"69dd1bd8c2c0aae9d35f9a1c","direccio":"avall","level":"info","message":"Moviment guardat","partidaId":"69dd1bcec2c0aae9d35f99b7","x":38,"y":39}
{"_id":"69dd1bd9c2c0aae9d35f9a1d","direccio":"dreta","level":"info","message":"Moviment guardat","partidaId":"69dd1bcec2c0aae9d35f99b7","x":39,"y":39}
{"_id":"69dd1bd9c2c0aae9d35f9a1e","direccio":"esquerra","level":"info","message":"Moviment guardat","partidaId":"69dd1bcec2c0aae9d35f99b7","x":38,"y":39}
{"_id":"69dd1bd9c2c0aae9d35f9a1f","direccio":"amunt","level":"info","message":"Moviment guardat","partidaId":"69dd1bcec2c0aae9d35f99b7","x":38,"y":40}
{"_id":"69dd1bd9c2c0aae9d35f9a20","direccio":"dreta","level":"info","message":"Moviment guardat","partidaId":"69dd1bcec2c0aae9d35f99b7","x":39,"y":40}
{"_id":"69dd1bd9c2c0aae9d35f9a21","direccio":"esquerra","level":"info","message":"Moviment guardat","partidaId":"69dd1bcec2c0aae9d35f99b7","x":38,"y":40}
{"_id":"69dd1bd9c2c0aae9d35f9a22","direccio":"dreta","level":"info","message":"Moviment guardat","partidaId":"69dd1bcec2c0aae9d35f99b7","x":39,"y":40}
{"_id":"69dd1bd9c2c0aae9d35f9a23","direccio":"amunt","level":"info","message":"Moviment guardat","partidaId":"69dd1bcec2c0aae9d35f99b7","x":39,"y":41}
{"_id":"69dd1bd9c2c0aae9d35f9a24","direccio":"dreta","level":"info","message":"Moviment guardat","partidaId":"69dd1bcec2c0aae9d35f99b7","x":40,"y":41}
{"_id":"69dd1bd9c2c0aae9d35f9a25","direccio":"avall","level":"info","message":"Moviment guardat","partidaId":"69dd1bcec2c0aae9d35f99b7","x":40,"y":40}
{"_id":"69dd1bdac2c0aae9d35f9a26","direccio":"dreta","level":"info","message":"Moviment guardat","partidaId":"69dd1bcec2c0aae9d35f99b7","x":41,"y":40}
{"_id":"69dd1bdac2c0aae9d35f9a27","direccio":"esquerra","level":"info","message":"Moviment guardat","partidaId":"69dd1bcec2c0aae9d35f99b7","x":40,"y":40}
{"_id":"69dd1bdac2c0aae9d35f9a28","direccio":"amunt","level":"info","message":"Moviment guardat","partidaId":"69dd1bcec2c0aae9d35f99b7","x":40,"y":41}
{"level":"info","message":"Partida finalitzada"}
{"distancia":56.568542494923804,"level":"info","message":"Distància calculada"}
{"_id":"69dd1bf8c2c0aae9d35f9a29","direccio":"amunt","level":"info","message":"Moviment guardat","partidaId":"69dd1bcec2c0aae9d35f99b7","x":0,"y":1}
{"level":"info","message":"Partida finalitzada"}
{"distancia":0,"level":"info","message":"Distància calculada"}
{"_id":"69dd1c0ac2c0aae9d35f9a2a","direccio":"amunt","level":"info","message":"Moviment guardat","partidaId":"69dd1bcec2c0aae9d35f99b7","x":0,"y":1}
{"_id":"69dd1c10c2c0aae9d35f9a2b","direccio":"amunt","level":"info","message":"Moviment guardat","partidaId":"69dd1bcec2c0aae9d35f99b7","x":0,"y":2}
{"_id":"69dd1c11c2c0aae9d35f9a2c","direccio":"amunt","level":"info","message":"Moviment guardat","partidaId":"69dd1bcec2c0aae9d35f99b7","x":0,"y":3}
{"_id":"69dd1c11c2c0aae9d35f9a2d","direccio":"amunt","level":"info","message":"Moviment guardat","partidaId":"69dd1bcec2c0aae9d35f99b7","x":0,"y":4}
{"_id":"69dd1c11c2c0aae9d35f9a2e","direccio":"amunt","level":"info","message":"Moviment guardat","partidaId":"69dd1bcec2c0aae9d35f99b7","x":0,"y":5}
{"_id":"69dd1c12c2c0aae9d35f9a2f","direccio":"amunt","level":"info","message":"Moviment guardat","partidaId":"69dd1bcec2c0aae9d35f99b7","x":0,"y":6}
{"_id":"69dd1c12c2c0aae9d35f9a30","direccio":"amunt","level":"info","message":"Moviment guardat","partidaId":"69dd1bcec2c0aae9d35f99b7","x":0,"y":7}
{"_id":"69dd1c12c2c0aae9d35f9a31","direccio":"amunt","level":"info","message":"Moviment guardat","partidaId":"69dd1bcec2c0aae9d35f99b7","x":0,"y":8}
{"_id":"69dd1c12c2c0aae9d35f9a32","direccio":"amunt","level":"info","message":"Moviment guardat","partidaId":"69dd1bcec2c0aae9d35f99b7","x":0,"y":9}
{"_id":"69dd1c12c2c0aae9d35f9a33","direccio":"amunt","level":"info","message":"Moviment guardat","partidaId":"69dd1bcec2c0aae9d35f99b7","x":0,"y":10}
{"_id":"69dd1c12c2c0aae9d35f9a34","direccio":"amunt","level":"info","message":"Moviment guardat","partidaId":"69dd1bcec2c0aae9d35f99b7","x":0,"y":11}
{"_id":"69dd1c13c2c0aae9d35f9a35","direccio":"amunt","level":"info","message":"Moviment guardat","partidaId":"69dd1bcec2c0aae9d35f99b7","x":0,"y":12}
{"level":"info","message":"Partida finalitzada"}
{"distancia":11,"level":"info","message":"Distància calculada"}
{"_id":"69dd1c22c2c0aae9d35f9a36","direccio":"amunt","level":"info","message":"Moviment guardat","partidaId":"69dd1bcec2c0aae9d35f99b7","x":0,"y":1}
{"level":"info","message":"Partida finalitzada"}
{"distancia":0,"level":"info","message":"Distància calculada"}
{"level":"info","message":"Servidor WebSocket a localhost:8000"}
{"level":"info","message":"Connectat a MongoDB"}
{"level":"info","message":"Client connectat"}
{"_id":"69dd1c93e18b314097bfd718","direccio":"amunt","level":"info","message":"Moviment guardat","partidaId":"69dd1c92e18b314097bfd717","x":0,"y":1}
{"_id":"69dd1c94e18b314097bfd719","direccio":"amunt","level":"info","message":"Moviment guardat","partidaId":"69dd1c92e18b314097bfd717","x":0,"y":2}
{"_id":"69dd1c94e18b314097bfd71a","direccio":"amunt","level":"info","message":"Moviment guardat","partidaId":"69dd1c92e18b314097bfd717","x":0,"y":3}
{"_id":"69dd1c94e18b314097bfd71b","direccio":"amunt","level":"info","message":"Moviment guardat","partidaId":"69dd1c92e18b314097bfd717","x":0,"y":4}
{"_id":"69dd1c94e18b314097bfd71c","direccio":"amunt","level":"info","message":"Moviment guardat","partidaId":"69dd1c92e18b314097bfd717","x":0,"y":5}
{"_id":"69dd1c94e18b314097bfd71d","direccio":"amunt","level":"info","message":"Moviment guardat","partidaId":"69dd1c92e18b314097bfd717","x":0,"y":6}
{"_id":"69dd1c95e18b314097bfd71e","direccio":"amunt","level":"info","message":"Moviment guardat","partidaId":"69dd1c92e18b314097bfd717","x":0,"y":7}
{"_id":"69dd1c95e18b314097bfd71f","direccio":"amunt","level":"info","message":"Moviment guardat","partidaId":"69dd1c92e18b314097bfd717","x":0,"y":8}
{"_id":"69dd1c95e18b314097bfd720","direccio":"amunt","level":"info","message":"Moviment guardat","partidaId":"69dd1c92e18b314097bfd717","x":0,"y":9}
{"_id":"69dd1c95e18b314097bfd721","direccio":"amunt","level":"info","message":"Moviment guardat","partidaId":"69dd1c92e18b314097bfd717","x":0,"y":10}
{"_id":"69dd1c96e18b314097bfd722","direccio":"amunt","level":"info","message":"Moviment guardat","partidaId":"69dd1c92e18b314097bfd717","x":0,"y":11}
{"_id":"69dd1c96e18b314097bfd723","direccio":"amunt","level":"info","message":"Moviment guardat","partidaId":"69dd1c92e18b314097bfd717","x":0,"y":12}
{"_id":"69dd1c96e18b314097bfd724","direccio":"amunt","level":"info","message":"Moviment guardat","partidaId":"69dd1c92e18b314097bfd717","x":0,"y":13}
{"_id":"69dd1c96e18b314097bfd725","direccio":"amunt","level":"info","message":"Moviment guardat","partidaId":"69dd1c92e18b314097bfd717","x":0,"y":14}
{"_id":"69dd1c96e18b314097bfd726","direccio":"amunt","level":"info","message":"Moviment guardat","partidaId":"69dd1c92e18b314097bfd717","x":0,"y":15}
{"_id":"69dd1c96e18b314097bfd727","direccio":"amunt","level":"info","message":"Moviment guardat","partidaId":"69dd1c92e18b314097bfd717","x":0,"y":16}
{"_id":"69dd1c96e18b314097bfd728","direccio":"amunt","level":"info","message":"Moviment guardat","partidaId":"69dd1c92e18b314097bfd717","x":0,"y":17}
{"_id":"69dd1c96e18b314097bfd729","direccio":"amunt","level":"info","message":"Moviment guardat","partidaId":"69dd1c92e18b314097bfd717","x":0,"y":18}
{"_id":"69dd1c96e18b314097bfd72a","direccio":"amunt","level":"info","message":"Moviment guardat","partidaId":"69dd1c92e18b314097bfd717","x":0,"y":19}
{"_id":"69dd1c96e18b314097bfd72b","direccio":"amunt","level":"info","message":"Moviment guardat","partidaId":"69dd1c92e18b314097bfd717","x":0,"y":20}
{"_id":"69dd1c96e18b314097bfd72c","direccio":"amunt","level":"info","message":"Moviment guardat","partidaId":"69dd1c92e18b314097bfd717","x":0,"y":21}
{"_id":"69dd1c96e18b314097bfd72d","direccio":"amunt","level":"info","message":"Moviment guardat","partidaId":"69dd1c92e18b314097bfd717","x":0,"y":22}
{"_id":"69dd1c96e18b314097bfd72e","direccio":"amunt","level":"info","message":"Moviment guardat","partidaId":"69dd1c92e18b314097bfd717","x":0,"y":23}
{"_id":"69dd1c96e18b314097bfd72f","direccio":"amunt","level":"info","message":"Moviment guardat","partidaId":"69dd1c92e18b314097bfd717","x":0,"y":24}
{"_id":"69dd1c96e18b314097bfd730","direccio":"amunt","level":"info","message":"Moviment guardat","partidaId":"69dd1c92e18b314097bfd717","x":0,"y":25}
{"_id":"69dd1c96e18b314097bfd731","direccio":"amunt","level":"info","message":"Moviment guardat","partidaId":"69dd1c92e18b314097bfd717","x":0,"y":26}
{"_id":"69dd1c96e18b314097bfd732","direccio":"amunt","level":"info","message":"Moviment guardat","partidaId":"69dd1c92e18b314097bfd717","x":0,"y":27}
{"_id":"69dd1c96e18b314097bfd733","direccio":"amunt","level":"info","message":"Moviment guardat","partidaId":"69dd1c92e18b314097bfd717","x":0,"y":28}
{"_id":"69dd1c96e18b314097bfd734","direccio":"amunt","level":"info","message":"Moviment guardat","partidaId":"69dd1c92e18b314097bfd717","x":0,"y":29}
{"_id":"69dd1c96e18b314097bfd735","direccio":"amunt","level":"info","message":"Moviment guardat","partidaId":"69dd1c92e18b314097bfd717","x":0,"y":30}
{"_id":"69dd1c96e18b314097bfd736","direccio":"amunt","level":"info","message":"Moviment guardat","partidaId":"69dd1c92e18b314097bfd717","x":0,"y":31}
{"_id":"69dd1c96e18b314097bfd737","direccio":"amunt","level":"info","message":"Moviment guardat","partidaId":"69dd1c92e18b314097bfd717","x":0,"y":32}
{"_id":"69dd1c96e18b314097bfd738","direccio":"amunt","level":"info","message":"Moviment guardat","partidaId":"69dd1c92e18b314097bfd717","x":0,"y":33}
{"_id":"69dd1c96e18b314097bfd739","direccio":"amunt","level":"info","message":"Moviment guardat","partidaId":"69dd1c92e18b314097bfd717","x":0,"y":34}
{"_id":"69dd1c96e18b314097bfd73a","direccio":"amunt","level":"info","message":"Moviment guardat","partidaId":"69dd1c92e18b314097bfd717","x":0,"y":35}
{"_id":"69dd1c96e18b314097bfd73b","direccio":"amunt","level":"info","message":"Moviment guardat","partidaId":"69dd1c92e18b314097bfd717","x":0,"y":36}
{"_id":"69dd1c96e18b314097bfd73c","direccio":"amunt","level":"info","message":"Moviment guardat","partidaId":"69dd1c92e18b314097bfd717","x":0,"y":37}
{"_id":"69dd1c96e18b314097bfd73d","direccio":"amunt","level":"info","message":"Moviment guardat","partidaId":"69dd1c92e18b314097bfd717","x":0,"y":38}
{"_id":"69dd1c96e18b314097bfd73e","direccio":"amunt","level":"info","message":"Moviment guardat","partidaId":"69dd1c92e18b314097bfd717","x":0,"y":39}
{"_id":"69dd1c97e18b314097bfd73f","direccio":"amunt","level":"info","message":"Moviment guardat","partidaId":"69dd1c92e18b314097bfd717","x":0,"y":40}
{"_id":"69dd1c97e18b314097bfd740","direccio":"amunt","level":"info","message":"Moviment guardat","partidaId":"69dd1c92e18b314097bfd717","x":0,"y":41}
{"_id":"69dd1c97e18b314097bfd741","direccio":"amunt","level":"info","message":"Moviment guardat","partidaId":"69dd1c92e18b314097bfd717","x":0,"y":42}
{"_id":"69dd1c97e18b314097bfd742","direccio":"amunt","level":"info","message":"Moviment guardat","partidaId":"69dd1c92e18b314097bfd717","x":0,"y":43}
{"_id":"69dd1c97e18b314097bfd743","direccio":"amunt","level":"info","message":"Moviment guardat","partidaId":"69dd1c92e18b314097bfd717","x":0,"y":44}
{"_id":"69dd1c97e18b314097bfd744","direccio":"amunt","level":"info","message":"Moviment guardat","partidaId":"69dd1c92e18b314097bfd717","x":0,"y":45}
{"_id":"69dd1c97e18b314097bfd745","direccio":"amunt","level":"info","message":"Moviment guardat","partidaId":"69dd1c92e18b314097bfd717","x":0,"y":46}
{"_id":"69dd1c97e18b314097bfd746","direccio":"amunt","level":"info","message":"Moviment guardat","partidaId":"69dd1c92e18b314097bfd717","x":0,"y":47}
{"_id":"69dd1c97e18b314097bfd747","direccio":"amunt","level":"info","message":"Moviment guardat","partidaId":"69dd1c92e18b314097bfd717","x":0,"y":48}
{"_id":"69dd1c97e18b314097bfd748","direccio":"amunt","level":"info","message":"Moviment guardat","partidaId":"69dd1c92e18b314097bfd717","x":0,"y":49}
{"_id":"69dd1c97e18b314097bfd749","direccio":"amunt","level":"info","message":"Moviment guardat","partidaId":"69dd1c92e18b314097bfd717","x":0,"y":50}
{"_id":"69dd1c97e18b314097bfd74a","direccio":"amunt","level":"info","message":"Moviment guardat","partidaId":"69dd1c92e18b314097bfd717","x":0,"y":51}
{"_id":"69dd1c97e18b314097bfd74b","direccio":"amunt","level":"info","message":"Moviment guardat","partidaId":"69dd1c92e18b314097bfd717","x":0,"y":52}
{"_id":"69dd1c97e18b314097bfd74c","direccio":"amunt","level":"info","message":"Moviment guardat","partidaId":"69dd1c92e18b314097bfd717","x":0,"y":53}
{"_id":"69dd1c97e18b314097bfd74d","direccio":"amunt","level":"info","message":"Moviment guardat","partidaId":"69dd1c92e18b314097bfd717","x":0,"y":54}
{"_id":"69dd1c97e18b314097bfd74e","direccio":"amunt","level":"info","message":"Moviment guardat","partidaId":"69dd1c92e18b314097bfd717","x":0,"y":55}
{"_id":"69dd1c97e18b314097bfd74f","direccio":"amunt","level":"info","message":"Moviment guardat","partidaId":"69dd1c92e18b314097bfd717","x":0,"y":56}
{"_id":"69dd1c97e18b314097bfd750","direccio":"amunt","level":"info","message":"Moviment guardat","partidaId":"69dd1c92e18b314097bfd717","x":0,"y":57}
{"_id":"69dd1c97e18b314097bfd752","direccio":"amunt","level":"info","message":"Moviment guardat","partidaId":"69dd1c92e18b314097bfd717","x":0,"y":59}
{"_id":"69dd1c97e18b314097bfd751","direccio":"amunt","level":"info","message":"Moviment guardat","partidaId":"69dd1c92e18b314097bfd717","x":0,"y":58}
{"_id":"69dd1c97e18b314097bfd753","direccio":"amunt","level":"info","message":"Moviment guardat","partidaId":"69dd1c92e18b314097bfd717","x":0,"y":60}
{"_id":"69dd1c97e18b314097bfd754","direccio":"amunt","level":"info","message":"Moviment guardat","partidaId":"69dd1c92e18b314097bfd717","x":0,"y":61}
{"_id":"69dd1c97e18b314097bfd755","direccio":"amunt","level":"info","message":"Moviment guardat","partidaId":"69dd1c92e18b314097bfd717","x":0,"y":62}
{"_id":"69dd1c97e18b314097bfd756","direccio":"amunt","level":"info","message":"Moviment guardat","partidaId":"69dd1c92e18b314097bfd717","x":0,"y":63}
{"_id":"69dd1c97e18b314097bfd757","direccio":"amunt","level":"info","message":"Moviment guardat","partidaId":"69dd1c92e18b314097bfd717","x":0,"y":64}
{"_id":"69dd1c97e18b314097bfd758","direccio":"amunt","level":"info","message":"Moviment guardat","partidaId":"69dd1c92e18b314097bfd717","x":0,"y":65}
{"_id":"69dd1c97e18b314097bfd759","direccio":"amunt","level":"info","message":"Moviment guardat","partidaId":"69dd1c92e18b314097bfd717","x":0,"y":66}
{"_id":"69dd1c97e18b314097bfd75a","direccio":"amunt","level":"info","message":"Moviment guardat","partidaId":"69dd1c92e18b314097bfd717","x":0,"y":67}
{"_id":"69dd1c97e18b314097bfd75b","direccio":"amunt","level":"info","message":"Moviment guardat","partidaId":"69dd1c92e18b314097bfd717","x":0,"y":68}
{"_id":"69dd1c97e18b314097bfd75c","direccio":"amunt","level":"info","message":"Moviment guardat","partidaId":"69dd1c92e18b314097bfd717","x":0,"y":69}
{"_id":"69dd1c97e18b314097bfd75d","direccio":"amunt","level":"info","message":"Moviment guardat","partidaId":"69dd1c92e18b314097bfd717","x":0,"y":70}
{"_id":"69dd1c97e18b314097bfd75e","direccio":"amunt","level":"info","message":"Moviment guardat","partidaId":"69dd1c92e18b314097bfd717","x":0,"y":71}
{"_id":"69dd1c98e18b314097bfd75f","direccio":"amunt","level":"info","message":"Moviment guardat","partidaId":"69dd1c92e18b314097bfd717","x":0,"y":72}
{"_id":"69dd1c98e18b314097bfd760","direccio":"amunt","level":"info","message":"Moviment guardat","partidaId":"69dd1c92e18b314097bfd717","x":0,"y":73}
{"_id":"69dd1c98e18b314097bfd761","direccio":"amunt","level":"info","message":"Moviment guardat","partidaId":"69dd1c92e18b314097bfd717","x":0,"y":74}
{"_id":"69dd1c98e18b314097bfd762","direccio":"amunt","level":"info","message":"Moviment guardat","partidaId":"69dd1c92e18b314097bfd717","x":0,"y":75}
{"_id":"69dd1c98e18b314097bfd763","direccio":"amunt","level":"info","message":"Moviment guardat","partidaId":"69dd1c92e18b314097bfd717","x":0,"y":76}
{"_id":"69dd1c98e18b314097bfd764","direccio":"amunt","level":"info","message":"Moviment guardat","partidaId":"69dd1c92e18b314097bfd717","x":0,"y":77}
{"_id":"69dd1c98e18b314097bfd765","direccio":"amunt","level":"info","message":"Moviment guardat","partidaId":"69dd1c92e18b314097bfd717","x":0,"y":78}
{"_id":"69dd1c98e18b314097bfd766","direccio":"amunt","level":"info","message":"Moviment guardat","partidaId":"69dd1c92e18b314097bfd717","x":0,"y":79}
{"_id":"69dd1c9ce18b314097bfd767","direccio":"amunt","level":"info","message":"Moviment guardat","partidaId":"69dd1c92e18b314097bfd717","x":0,"y":80}
{"_id":"69dd1c9fe18b314097bfd768","direccio":"amunt","level":"info","message":"Moviment guardat","partidaId":"69dd1c92e18b314097bfd717","x":0,"y":81}
{"_id":"69dd1ca2e18b314097bfd769","direccio":"esquerra","level":"info","message":"Moviment guardat","partidaId":"69dd1c92e18b314097bfd717","x":-1,"y":81}
{"level":"info","message":"Partida finalitzada"}
{"level":"info","message":"Servidor WebSocket a localhost:8000"}
{"level":"info","message":"Connectat a MongoDB"}
{"level":"info","message":"Client connectat"}
{"_id":"69dd1cc6cd84105aed4ad969","direccio":"amunt","level":"info","message":"Moviment guardat","partidaId":"69dd1cc4cd84105aed4ad968","x":0,"y":1}
{"_id":"69dd1cc6cd84105aed4ad96a","direccio":"amunt","level":"info","message":"Moviment guardat","partidaId":"69dd1cc4cd84105aed4ad968","x":0,"y":2}
{"_id":"69dd1cc6cd84105aed4ad96b","direccio":"amunt","level":"info","message":"Moviment guardat","partidaId":"69dd1cc4cd84105aed4ad968","x":0,"y":3}
{"_id":"69dd1cc6cd84105aed4ad96c","direccio":"amunt","level":"info","message":"Moviment guardat","partidaId":"69dd1cc4cd84105aed4ad968","x":0,"y":4}
{"_id":"69dd1cc6cd84105aed4ad96d","direccio":"amunt","level":"info","message":"Moviment guardat","partidaId":"69dd1cc4cd84105aed4ad968","x":0,"y":5}
{"_id":"69dd1cc6cd84105aed4ad96e","direccio":"amunt","level":"info","message":"Moviment guardat","partidaId":"69dd1cc4cd84105aed4ad968","x":0,"y":6}
{"_id":"69dd1cc6cd84105aed4ad96f","direccio":"amunt","level":"info","message":"Moviment guardat","partidaId":"69dd1cc4cd84105aed4ad968","x":0,"y":7}
{"_id":"69dd1cc6cd84105aed4ad970","direccio":"amunt","level":"info","message":"Moviment guardat","partidaId":"69dd1cc4cd84105aed4ad968","x":0,"y":8}
{"_id":"69dd1cc7cd84105aed4ad971","direccio":"amunt","level":"info","message":"Moviment guardat","partidaId":"69dd1cc4cd84105aed4ad968","x":0,"y":9}
{"_id":"69dd1cc7cd84105aed4ad972","direccio":"dreta","level":"info","message":"Moviment guardat","partidaId":"69dd1cc4cd84105aed4ad968","x":1,"y":9}
{"_id":"69dd1cc7cd84105aed4ad973","direccio":"avall","level":"info","message":"Moviment guardat","partidaId":"69dd1cc4cd84105aed4ad968","x":1,"y":8}
{"_id":"69dd1cc7cd84105aed4ad974","direccio":"dreta","level":"info","message":"Moviment guardat","partidaId":"69dd1cc4cd84105aed4ad968","x":2,"y":8}
{"_id":"69dd1cc7cd84105aed4ad975","direccio":"esquerra","level":"info","message":"Moviment guardat","partidaId":"69dd1cc4cd84105aed4ad968","x":1,"y":8}
{"_id":"69dd1cc7cd84105aed4ad976","direccio":"dreta","level":"info","message":"Moviment guardat","partidaId":"69dd1cc4cd84105aed4ad968","x":2,"y":8}
{"_id":"69dd1cc7cd84105aed4ad977","direccio":"avall","level":"info","message":"Moviment guardat","partidaId":"69dd1cc4cd84105aed4ad968","x":2,"y":7}
{"_id":"69dd1cc7cd84105aed4ad978","direccio":"dreta","level":"info","message":"Moviment guardat","partidaId":"69dd1cc4cd84105aed4ad968","x":3,"y":7}
{"_id":"69dd1cc7cd84105aed4ad979","direccio":"amunt","level":"info","message":"Moviment guardat","partidaId":"69dd1cc4cd84105aed4ad968","x":3,"y":8}
{"_id":"69dd1cc7cd84105aed4ad97a","direccio":"avall","level":"info","message":"Moviment guardat","partidaId":"69dd1cc4cd84105aed4ad968","x":3,"y":7}
{"_id":"69dd1cc7cd84105aed4ad97b","direccio":"dreta","level":"info","message":"Moviment guardat","partidaId":"69dd1cc4cd84105aed4ad968","x":4,"y":7}
{"_id":"69dd1cc8cd84105aed4ad97c","direccio":"amunt","level":"info","message":"Moviment guardat","partidaId":"69dd1cc4cd84105aed4ad968","x":4,"y":8}
{"_id":"69dd1cc8cd84105aed4ad97d","direccio":"avall","level":"info","message":"Moviment guardat","partidaId":"69dd1cc4cd84105aed4ad968","x":4,"y":7}
{"_id":"69dd1cc8cd84105aed4ad97e","direccio":"amunt","level":"info","message":"Moviment guardat","partidaId":"69dd1cc4cd84105aed4ad968","x":4,"y":8}
{"_id":"69dd1cc8cd84105aed4ad97f","direccio":"amunt","level":"info","message":"Moviment guardat","partidaId":"69dd1cc4cd84105aed4ad968","x":4,"y":9}
{"_id":"69dd1cc9cd84105aed4ad980","direccio":"amunt","level":"info","message":"Moviment guardat","partidaId":"69dd1cc4cd84105aed4ad968","x":4,"y":10}
{"_id":"69dd1cc9cd84105aed4ad981","direccio":"amunt","level":"info","message":"Moviment guardat","partidaId":"69dd1cc4cd84105aed4ad968","x":4,"y":11}
{"_id":"69dd1cc9cd84105aed4ad982","direccio":"amunt","level":"info","message":"Moviment guardat","partidaId":"69dd1cc4cd84105aed4ad968","x":4,"y":12}
{"_id":"69dd1cc9cd84105aed4ad983","direccio":"amunt","level":"info","message":"Moviment guardat","partidaId":"69dd1cc4cd84105aed4ad968","x":4,"y":13}
{"_id":"69dd1cc9cd84105aed4ad984","direccio":"amunt","level":"info","message":"Moviment guardat","partidaId":"69dd1cc4cd84105aed4ad968","x":4,"y":14}
{"_id":"69dd1cc9cd84105aed4ad985","direccio":"amunt","level":"info","message":"Moviment guardat","partidaId":"69dd1cc4cd84105aed4ad968","x":4,"y":15}
{"_id":"69dd1cc9cd84105aed4ad986","direccio":"amunt","level":"info","message":"Moviment guardat","partidaId":"69dd1cc4cd84105aed4ad968","x":4,"y":16}
{"_id":"69dd1cc9cd84105aed4ad987","direccio":"amunt","level":"info","message":"Moviment guardat","partidaId":"69dd1cc4cd84105aed4ad968","x":4,"y":17}
{"_id":"69dd1cc9cd84105aed4ad988","direccio":"amunt","level":"info","message":"Moviment guardat","partidaId":"69dd1cc4cd84105aed4ad968","x":4,"y":18}
{"_id":"69dd1cc9cd84105aed4ad989","direccio":"amunt","level":"info","message":"Moviment guardat","partidaId":"69dd1cc4cd84105aed4ad968","x":4,"y":19}
{"_id":"69dd1cc9cd84105aed4ad98a","direccio":"amunt","level":"info","message":"Moviment guardat","partidaId":"69dd1cc4cd84105aed4ad968","x":4,"y":20}
{"_id":"69dd1cc9cd84105aed4ad98b","direccio":"amunt","level":"info","message":"Moviment guardat","partidaId":"69dd1cc4cd84105aed4ad968","x":4,"y":21}
{"_id":"69dd1cc9cd84105aed4ad98c","direccio":"amunt","level":"info","message":"Moviment guardat","partidaId":"69dd1cc4cd84105aed4ad968","x":4,"y":22}
{"_id":"69dd1cc9cd84105aed4ad98d","direccio":"amunt","level":"info","message":"Moviment guardat","partidaId":"69dd1cc4cd84105aed4ad968","x":4,"y":23}
{"_id":"69dd1cc9cd84105aed4ad98e","direccio":"amunt","level":"info","message":"Moviment guardat","partidaId":"69dd1cc4cd84105aed4ad968","x":4,"y":24}
{"_id":"69dd1cc9cd84105aed4ad98f","direccio":"amunt","level":"info","message":"Moviment guardat","partidaId":"69dd1cc4cd84105aed4ad968","x":4,"y":25}
{"_id":"69dd1cc9cd84105aed4ad990","direccio":"amunt","level":"info","message":"Moviment guardat","partidaId":"69dd1cc4cd84105aed4ad968","x":4,"y":26}
{"_id":"69dd1cc9cd84105aed4ad991","direccio":"amunt","level":"info","message":"Moviment guardat","partidaId":"69dd1cc4cd84105aed4ad968","x":4,"y":27}
{"_id":"69dd1cc9cd84105aed4ad992","direccio":"amunt","level":"info","message":"Moviment guardat","partidaId":"69dd1cc4cd84105aed4ad968","x":4,"y":28}
{"_id":"69dd1cc9cd84105aed4ad993","direccio":"amunt","level":"info","message":"Moviment guardat","partidaId":"69dd1cc4cd84105aed4ad968","x":4,"y":29}
{"_id":"69dd1cc9cd84105aed4ad994","direccio":"amunt","level":"info","message":"Moviment guardat","partidaId":"69dd1cc4cd84105aed4ad968","x":4,"y":30}
{"_id":"69dd1cc9cd84105aed4ad995","direccio":"amunt","level":"info","message":"Moviment guardat","partidaId":"69dd1cc4cd84105aed4ad968","x":4,"y":31}
{"_id":"69dd1cc9cd84105aed4ad996","direccio":"amunt","level":"info","message":"Moviment guardat","partidaId":"69dd1cc4cd84105aed4ad968","x":4,"y":32}
{"_id":"69dd1cc9cd84105aed4ad997","direccio":"amunt","level":"info","message":"Moviment guardat","partidaId":"69dd1cc4cd84105aed4ad968","x":4,"y":33}
{"_id":"69dd1cc9cd84105aed4ad998","direccio":"amunt","level":"info","message":"Moviment guardat","partidaId":"69dd1cc4cd84105aed4ad968","x":4,"y":34}
{"_id":"69dd1cc9cd84105aed4ad999","direccio":"amunt","level":"info","message":"Moviment guardat","partidaId":"69dd1cc4cd84105aed4ad968","x":4,"y":35}
{"_id":"69dd1cc9cd84105aed4ad99a","direccio":"amunt","level":"info","message":"Moviment guardat","partidaId":"69dd1cc4cd84105aed4ad968","x":4,"y":36}
{"_id":"69dd1cc9cd84105aed4ad99b","direccio":"amunt","level":"info","message":"Moviment guardat","partidaId":"69dd1cc4cd84105aed4ad968","x":4,"y":37}
{"_id":"69dd1cc9cd84105aed4ad99c","direccio":"amunt","level":"info","message":"Moviment guardat","partidaId":"69dd1cc4cd84105aed4ad968","x":4,"y":38}
{"_id":"69dd1cc9cd84105aed4ad99d","direccio":"amunt","level":"info","message":"Moviment guardat","partidaId":"69dd1cc4cd84105aed4ad968","x":4,"y":39}
{"_id":"69dd1cc9cd84105aed4ad99e","direccio":"amunt","level":"info","message":"Moviment guardat","partidaId":"69dd1cc4cd84105aed4ad968","x":4,"y":40}
{"_id":"69dd1cc9cd84105aed4ad99f","direccio":"amunt","level":"info","message":"Moviment guardat","partidaId":"69dd1cc4cd84105aed4ad968","x":4,"y":41}
{"_id":"69dd1cc9cd84105aed4ad9a0","direccio":"amunt","level":"info","message":"Moviment guardat","partidaId":"69dd1cc4cd84105aed4ad968","x":4,"y":42}
{"_id":"69dd1ccacd84105aed4ad9a1","direccio":"amunt","level":"info","message":"Moviment guardat","partidaId":"69dd1cc4cd84105aed4ad968","x":4,"y":43}
{"_id":"69dd1ccacd84105aed4ad9a2","direccio":"amunt","level":"info","message":"Moviment guardat","partidaId":"69dd1cc4cd84105aed4ad968","x":4,"y":44}
{"_id":"69dd1ccacd84105aed4ad9a3","direccio":"amunt","level":"info","message":"Moviment guardat","partidaId":"69dd1cc4cd84105aed4ad968","x":4,"y":45}
{"_id":"69dd1ccacd84105aed4ad9a4","direccio":"amunt","level":"info","message":"Moviment guardat","partidaId":"69dd1cc4cd84105aed4ad968","x":4,"y":46}
{"_id":"69dd1ccacd84105aed4ad9a5","direccio":"amunt","level":"info","message":"Moviment guardat","partidaId":"69dd1cc4cd84105aed4ad968","x":4,"y":47}
{"_id":"69dd1ccacd84105aed4ad9a6","direccio":"amunt","level":"info","message":"Moviment guardat","partidaId":"69dd1cc4cd84105aed4ad968","x":4,"y":48}
{"_id":"69dd1ccacd84105aed4ad9a7","direccio":"amunt","level":"info","message":"Moviment guardat","partidaId":"69dd1cc4cd84105aed4ad968","x":4,"y":49}
{"_id":"69dd1ccacd84105aed4ad9a8","direccio":"amunt","level":"info","message":"Moviment guardat","partidaId":"69dd1cc4cd84105aed4ad968","x":4,"y":50}
{"_id":"69dd1ccacd84105aed4ad9a9","direccio":"avall","level":"info","message":"Moviment guardat","partidaId":"69dd1cc4cd84105aed4ad968","x":4,"y":49}
{"_id":"69dd1ccacd84105aed4ad9aa","direccio":"esquerra","level":"info","message":"Moviment guardat","partidaId":"69dd1cc4cd84105aed4ad968","x":3,"y":49}
{"_id":"69dd1ccacd84105aed4ad9ab","direccio":"esquerra","level":"info","message":"Moviment guardat","partidaId":"69dd1cc4cd84105aed4ad968","x":2,"y":49}
{"_id":"69dd1ccacd84105aed4ad9ac","direccio":"esquerra","level":"info","message":"Moviment guardat","partidaId":"69dd1cc4cd84105aed4ad968","x":1,"y":49}
{"_id":"69dd1ccacd84105aed4ad9ad","direccio":"esquerra","level":"info","message":"Moviment guardat","partidaId":"69dd1cc4cd84105aed4ad968","x":0,"y":49}
{"_id":"69dd1ccacd84105aed4ad9ae","direccio":"esquerra","level":"info","message":"Moviment guardat","partidaId":"69dd1cc4cd84105aed4ad968","x":-1,"y":49}
{"_id":"69dd1ccbcd84105aed4ad9af","direccio":"esquerra","level":"info","message":"Moviment guardat","partidaId":"69dd1cc4cd84105aed4ad968","x":-2,"y":49}
{"_id":"69dd1ccbcd84105aed4ad9b0","direccio":"esquerra","level":"info","message":"Moviment guardat","partidaId":"69dd1cc4cd84105aed4ad968","x":-3,"y":49}
{"_id":"69dd1ccbcd84105aed4ad9b1","direccio":"esquerra","level":"info","message":"Moviment guardat","partidaId":"69dd1cc4cd84105aed4ad968","x":-4,"y":49}
{"_id":"69dd1ccbcd84105aed4ad9b3","direccio":"esquerra","level":"info","message":"Moviment guardat","partidaId":"69dd1cc4cd84105aed4ad968","x":-6,"y":49}
{"_id":"69dd1ccbcd84105aed4ad9b2","direccio":"esquerra","level":"info","message":"Moviment guardat","partidaId":"69dd1cc4cd84105aed4ad968","x":-5,"y":49}
{"_id":"69dd1ccbcd84105aed4ad9b4","direccio":"esquerra","level":"info","message":"Moviment guardat","partidaId":"69dd1cc4cd84105aed4ad968","x":-7,"y":49}
{"_id":"69dd1ccbcd84105aed4ad9b5","direccio":"esquerra","level":"info","message":"Moviment guardat","partidaId":"69dd1cc4cd84105aed4ad968","x":-8,"y":49}
{"_id":"69dd1ccbcd84105aed4ad9b6","direccio":"esquerra","level":"info","message":"Moviment guardat","partidaId":"69dd1cc4cd84105aed4ad968","x":-9,"y":49}
{"_id":"69dd1ccbcd84105aed4ad9b7","direccio":"esquerra","level":"info","message":"Moviment guardat","partidaId":"69dd1cc4cd84105aed4ad968","x":-10,"y":49}
{"_id":"69dd1ccbcd84105aed4ad9b8","direccio":"esquerra","level":"info","message":"Moviment guardat","partidaId":"69dd1cc4cd84105aed4ad968","x":-11,"y":49}
{"_id":"69dd1ccbcd84105aed4ad9b9","direccio":"esquerra","level":"info","message":"Moviment guardat","partidaId":"69dd1cc4cd84105aed4ad968","x":-12,"y":49}
{"_id":"69dd1ccbcd84105aed4ad9ba","direccio":"esquerra","level":"info","message":"Moviment guardat","partidaId":"69dd1cc4cd84105aed4ad968","x":-13,"y":49}
{"_id":"69dd1ccbcd84105aed4ad9bb","direccio":"esquerra","level":"info","message":"Moviment guardat","partidaId":"69dd1cc4cd84105aed4ad968","x":-14,"y":49}
{"_id":"69dd1ccbcd84105aed4ad9bc","direccio":"esquerra","level":"info","message":"Moviment guardat","partidaId":"69dd1cc4cd84105aed4ad968","x":-15,"y":49}
{"_id":"69dd1ccbcd84105aed4ad9bd","direccio":"esquerra","level":"info","message":"Moviment guardat","partidaId":"69dd1cc4cd84105aed4ad968","x":-16,"y":49}
{"_id":"69dd1ccbcd84105aed4ad9be","direccio":"esquerra","level":"info","message":"Moviment guardat","partidaId":"69dd1cc4cd84105aed4ad968","x":-17,"y":49}
{"_id":"69dd1ccbcd84105aed4ad9bf","direccio":"esquerra","level":"info","message":"Moviment guardat","partidaId":"69dd1cc4cd84105aed4ad968","x":-18,"y":49}
{"_id":"69dd1ccbcd84105aed4ad9c0","direccio":"esquerra","level":"info","message":"Moviment guardat","partidaId":"69dd1cc4cd84105aed4ad968","x":-19,"y":49}
{"_id":"69dd1ccbcd84105aed4ad9c1","direccio":"esquerra","level":"info","message":"Moviment guardat","partidaId":"69dd1cc4cd84105aed4ad968","x":-20,"y":49}
{"_id":"69dd1ccbcd84105aed4ad9c2","direccio":"esquerra","level":"info","message":"Moviment guardat","partidaId":"69dd1cc4cd84105aed4ad968","x":-21,"y":49}
{"_id":"69dd1ccbcd84105aed4ad9c3","direccio":"esquerra","level":"info","message":"Moviment guardat","partidaId":"69dd1cc4cd84105aed4ad968","x":-22,"y":49}
{"_id":"69dd1ccbcd84105aed4ad9c4","direccio":"esquerra","level":"info","message":"Moviment guardat","partidaId":"69dd1cc4cd84105aed4ad968","x":-23,"y":49}
{"_id":"69dd1ccbcd84105aed4ad9c5","direccio":"esquerra","level":"info","message":"Moviment guardat","partidaId":"69dd1cc4cd84105aed4ad968","x":-24,"y":49}
{"_id":"69dd1ccbcd84105aed4ad9c6","direccio":"esquerra","level":"info","message":"Moviment guardat","partidaId":"69dd1cc4cd84105aed4ad968","x":-25,"y":49}
{"_id":"69dd1ccbcd84105aed4ad9c7","direccio":"esquerra","level":"info","message":"Moviment guardat","partidaId":"69dd1cc4cd84105aed4ad968","x":-26,"y":49}
{"_id":"69dd1ccbcd84105aed4ad9c8","direccio":"esquerra","level":"info","message":"Moviment guardat","partidaId":"69dd1cc4cd84105aed4ad968","x":-27,"y":49}
{"_id":"69dd1ccbcd84105aed4ad9ca","direccio":"esquerra","level":"info","message":"Moviment guardat","partidaId":"69dd1cc4cd84105aed4ad968","x":-29,"y":49}
{"_id":"69dd1ccbcd84105aed4ad9c9","direccio":"esquerra","level":"info","message":"Moviment guardat","partidaId":"69dd1cc4cd84105aed4ad968","x":-28,"y":49}
{"_id":"69dd1ccbcd84105aed4ad9cb","direccio":"esquerra","level":"info","message":"Moviment guardat","partidaId":"69dd1cc4cd84105aed4ad968","x":-30,"y":49}
{"_id":"69dd1ccbcd84105aed4ad9cc","direccio":"esquerra","level":"info","message":"Moviment guardat","partidaId":"69dd1cc4cd84105aed4ad968","x":-31,"y":49}
{"_id":"69dd1ccbcd84105aed4ad9cd","direccio":"esquerra","level":"info","message":"Moviment guardat","partidaId":"69dd1cc4cd84105aed4ad968","x":-32,"y":49}
{"_id":"69dd1ccbcd84105aed4ad9ce","direccio":"esquerra","level":"info","message":"Moviment guardat","partidaId":"69dd1cc4cd84105aed4ad968","x":-33,"y":49}
{"_id":"69dd1ccbcd84105aed4ad9cf","direccio":"esquerra","level":"info","message":"Moviment guardat","partidaId":"69dd1cc4cd84105aed4ad968","x":-34,"y":49}
{"_id":"69dd1ccbcd84105aed4ad9d0","direccio":"esquerra","level":"info","message":"Moviment guardat","partidaId":"69dd1cc4cd84105aed4ad968","x":-35,"y":49}
{"_id":"69dd1ccccd84105aed4ad9d1","direccio":"esquerra","level":"info","message":"Moviment guardat","partidaId":"69dd1cc4cd84105aed4ad968","x":-36,"y":49}
{"_id":"69dd1ccccd84105aed4ad9d2","direccio":"esquerra","level":"info","message":"Moviment guardat","partidaId":"69dd1cc4cd84105aed4ad968","x":-37,"y":49}
{"_id":"69dd1ccccd84105aed4ad9d3","direccio":"esquerra","level":"info","message":"Moviment guardat","partidaId":"69dd1cc4cd84105aed4ad968","x":-38,"y":49}
{"_id":"69dd1ccccd84105aed4ad9d4","direccio":"esquerra","level":"info","message":"Moviment guardat","partidaId":"69dd1cc4cd84105aed4ad968","x":-39,"y":49}
{"_id":"69dd1ccccd84105aed4ad9d5","direccio":"esquerra","level":"info","message":"Moviment guardat","partidaId":"69dd1cc4cd84105aed4ad968","x":-40,"y":49}
{"_id":"69dd1ccccd84105aed4ad9d6","direccio":"esquerra","level":"info","message":"Moviment guardat","partidaId":"69dd1cc4cd84105aed4ad968","x":-41,"y":49}
{"_id":"69dd1ccccd84105aed4ad9d7","direccio":"esquerra","level":"info","message":"Moviment guardat","partidaId":"69dd1cc4cd84105aed4ad968","x":-42,"y":49}
{"_id":"69dd1ccccd84105aed4ad9d8","direccio":"esquerra","level":"info","message":"Moviment guardat","partidaId":"69dd1cc4cd84105aed4ad968","x":-43,"y":49}
{"_id":"69dd1ccccd84105aed4ad9d9","direccio":"esquerra","level":"info","message":"Moviment guardat","partidaId":"69dd1cc4cd84105aed4ad968","x":-44,"y":49}
{"_id":"69dd1ccccd84105aed4ad9da","direccio":"esquerra","level":"info","message":"Moviment guardat","partidaId":"69dd1cc4cd84105aed4ad968","x":-45,"y":49}
{"_id":"69dd1ccccd84105aed4ad9db","direccio":"esquerra","level":"info","message":"Moviment guardat","partidaId":"69dd1cc4cd84105aed4ad968","x":-46,"y":49}
{"_id":"69dd1ccccd84105aed4ad9dc","direccio":"esquerra","level":"info","message":"Moviment guardat","partidaId":"69dd1cc4cd84105aed4ad968","x":-47,"y":49}
{"_id":"69dd1ccccd84105aed4ad9dd","direccio":"esquerra","level":"info","message":"Moviment guardat","partidaId":"69dd1cc4cd84105aed4ad968","x":-48,"y":49}
{"_id":"69dd1ccccd84105aed4ad9de","direccio":"esquerra","level":"info","message":"Moviment guardat","partidaId":"69dd1cc4cd84105aed4ad968","x":-49,"y":49}
{"_id":"69dd1ccccd84105aed4ad9df","direccio":"esquerra","level":"info","message":"Moviment guardat","partidaId":"69dd1cc4cd84105aed4ad968","x":-50,"y":49}
{"_id":"69dd1ccccd84105aed4ad9e0","direccio":"esquerra","level":"info","message":"Moviment guardat","partidaId":"69dd1cc4cd84105aed4ad968","x":-51,"y":49}
{"_id":"69dd1ccccd84105aed4ad9e1","direccio":"esquerra","level":"info","message":"Moviment guardat","partidaId":"69dd1cc4cd84105aed4ad968","x":-52,"y":49}
{"_id":"69dd1ccccd84105aed4ad9e2","direccio":"esquerra","level":"info","message":"Moviment guardat","partidaId":"69dd1cc4cd84105aed4ad968","x":-53,"y":49}
{"_id":"69dd1ccccd84105aed4ad9e3","direccio":"esquerra","level":"info","message":"Moviment guardat","partidaId":"69dd1cc4cd84105aed4ad968","x":-54,"y":49}
{"_id":"69dd1ccccd84105aed4ad9e4","direccio":"esquerra","level":"info","message":"Moviment guardat","partidaId":"69dd1cc4cd84105aed4ad968","x":-55,"y":49}
{"_id":"69dd1ccccd84105aed4ad9e5","direccio":"esquerra","level":"info","message":"Moviment guardat","partidaId":"69dd1cc4cd84105aed4ad968","x":-56,"y":49}
{"_id":"69dd1ccccd84105aed4ad9e6","direccio":"esquerra","level":"info","message":"Moviment guardat","partidaId":"69dd1cc4cd84105aed4ad968","x":-57,"y":49}
{"_id":"69dd1ccccd84105aed4ad9e7","direccio":"esquerra","level":"info","message":"Moviment guardat","partidaId":"69dd1cc4cd84105aed4ad968","x":-58,"y":49}
{"_id":"69dd1ccccd84105aed4ad9e8","direccio":"esquerra","level":"info","message":"Moviment guardat","partidaId":"69dd1cc4cd84105aed4ad968","x":-59,"y":49}
{"_id":"69dd1ccccd84105aed4ad9e9","direccio":"esquerra","level":"info","message":"Moviment guardat","partidaId":"69dd1cc4cd84105aed4ad968","x":-60,"y":49}
{"_id":"69dd1ccccd84105aed4ad9ea","direccio":"esquerra","level":"info","message":"Moviment guardat","partidaId":"69dd1cc4cd84105aed4ad968","x":-61,"y":49}
{"_id":"69dd1ccccd84105aed4ad9eb","direccio":"esquerra","level":"info","message":"Moviment guardat","partidaId":"69dd1cc4cd84105aed4ad968","x":-62,"y":49}
{"_id":"69dd1ccccd84105aed4ad9ec","direccio":"esquerra","level":"info","message":"Moviment guardat","partidaId":"69dd1cc4cd84105aed4ad968","x":-63,"y":49}
{"_id":"69dd1ccccd84105aed4ad9ed","direccio":"esquerra","level":"info","message":"Moviment guardat","partidaId":"69dd1cc4cd84105aed4ad968","x":-64,"y":49}
{"_id":"69dd1ccccd84105aed4ad9ee","direccio":"esquerra","level":"info","message":"Moviment guardat","partidaId":"69dd1cc4cd84105aed4ad968","x":-65,"y":49}
{"_id":"69dd1ccccd84105aed4ad9ef","direccio":"esquerra","level":"info","message":"Moviment guardat","partidaId":"69dd1cc4cd84105aed4ad968","x":-66,"y":49}
{"_id":"69dd1ccccd84105aed4ad9f0","direccio":"esquerra","level":"info","message":"Moviment guardat","partidaId":"69dd1cc4cd84105aed4ad968","x":-67,"y":49}
{"_id":"69dd1ccccd84105aed4ad9f1","direccio":"esquerra","level":"info","message":"Moviment guardat","partidaId":"69dd1cc4cd84105aed4ad968","x":-68,"y":49}
{"_id":"69dd1ccdcd84105aed4ad9f2","direccio":"esquerra","level":"info","message":"Moviment guardat","partidaId":"69dd1cc4cd84105aed4ad968","x":-69,"y":49}
{"_id":"69dd1ccdcd84105aed4ad9f3","direccio":"esquerra","level":"info","message":"Moviment guardat","partidaId":"69dd1cc4cd84105aed4ad968","x":-70,"y":49}
{"_id":"69dd1ccdcd84105aed4ad9f4","direccio":"esquerra","level":"info","message":"Moviment guardat","partidaId":"69dd1cc4cd84105aed4ad968","x":-71,"y":49}
{"_id":"69dd1ccdcd84105aed4ad9f5","direccio":"esquerra","level":"info","message":"Moviment guardat","partidaId":"69dd1cc4cd84105aed4ad968","x":-72,"y":49}
{"_id":"69dd1ccdcd84105aed4ad9f6","direccio":"esquerra","level":"info","message":"Moviment guardat","partidaId":"69dd1cc4cd84105aed4ad968","x":-73,"y":49}
{"_id":"69dd1ccdcd84105aed4ad9f7","direccio":"esquerra","level":"info","message":"Moviment guardat","partidaId":"69dd1cc4cd84105aed4ad968","x":-74,"y":49}
{"_id":"69dd1ccdcd84105aed4ad9f8","direccio":"esquerra","level":"info","message":"Moviment guardat","partidaId":"69dd1cc4cd84105aed4ad968","x":-75,"y":49}
{"_id":"69dd1ccdcd84105aed4ad9f9","direccio":"esquerra","level":"info","message":"Moviment guardat","partidaId":"69dd1cc4cd84105aed4ad968","x":-76,"y":49}
{"_id":"69dd1ccdcd84105aed4ad9fa","direccio":"esquerra","level":"info","message":"Moviment guardat","partidaId":"69dd1cc4cd84105aed4ad968","x":-77,"y":49}
{"_id":"69dd1ccdcd84105aed4ad9fb","direccio":"esquerra","level":"info","message":"Moviment guardat","partidaId":"69dd1cc4cd84105aed4ad968","x":-78,"y":49}
{"level":"info","message":"Partida finalitzada"}
{"distancia":91.58602513484249,"level":"info","message":"Distància calculada"}
{"_id":"69dd1cdbcd84105aed4ad9fd","direccio":"amunt","level":"info","message":"Moviment guardat","partidaId":"69dd1cd7cd84105aed4ad9fc","x":0,"y":1}
{"_id":"69dd1cdccd84105aed4ad9fe","direccio":"amunt","level":"info","message":"Moviment guardat","partidaId":"69dd1cd7cd84105aed4ad9fc","x":0,"y":2}
{"_id":"69dd1cdccd84105aed4ad9ff","direccio":"amunt","level":"info","message":"Moviment guardat","partidaId":"69dd1cd7cd84105aed4ad9fc","x":0,"y":3}
{"_id":"69dd1cdccd84105aed4ada00","direccio":"amunt","level":"info","message":"Moviment guardat","partidaId":"69dd1cd7cd84105aed4ad9fc","x":0,"y":4}
{"_id":"69dd1cdccd84105aed4ada01","direccio":"amunt","level":"info","message":"Moviment guardat","partidaId":"69dd1cd7cd84105aed4ad9fc","x":0,"y":5}
{"_id":"69dd1cdccd84105aed4ada02","direccio":"amunt","level":"info","message":"Moviment guardat","partidaId":"69dd1cd7cd84105aed4ad9fc","x":0,"y":6}
{"_id":"69dd1cdccd84105aed4ada03","direccio":"amunt","level":"info","message":"Moviment guardat","partidaId":"69dd1cd7cd84105aed4ad9fc","x":0,"y":7}
{"_id":"69dd1cddcd84105aed4ada04","direccio":"amunt","level":"info","message":"Moviment guardat","partidaId":"69dd1cd7cd84105aed4ad9fc","x":0,"y":8}
{"_id":"69dd1cddcd84105aed4ada05","direccio":"amunt","level":"info","message":"Moviment guardat","partidaId":"69dd1cd7cd84105aed4ad9fc","x":0,"y":9}
{"_id":"69dd1cddcd84105aed4ada06","direccio":"amunt","level":"info","message":"Moviment guardat","partidaId":"69dd1cd7cd84105aed4ad9fc","x":0,"y":10}
{"_id":"69dd1cddcd84105aed4ada07","direccio":"amunt","level":"info","message":"Moviment guardat","partidaId":"69dd1cd7cd84105aed4ad9fc","x":0,"y":11}
{"_id":"69dd1cddcd84105aed4ada08","direccio":"amunt","level":"info","message":"Moviment guardat","partidaId":"69dd1cd7cd84105aed4ad9fc","x":0,"y":12}
{"_id":"69dd1cddcd84105aed4ada09","direccio":"amunt","level":"info","message":"Moviment guardat","partidaId":"69dd1cd7cd84105aed4ad9fc","x":0,"y":13}
{"_id":"69dd1cddcd84105aed4ada0a","direccio":"amunt","level":"info","message":"Moviment guardat","partidaId":"69dd1cd7cd84105aed4ad9fc","x":0,"y":14}
{"_id":"69dd1cddcd84105aed4ada0b","direccio":"amunt","level":"info","message":"Moviment guardat","partidaId":"69dd1cd7cd84105aed4ad9fc","x":0,"y":15}
{"level":"info","message":"Partida finalitzada"}
{"distancia":14,"level":"info","message":"Distància calculada"}
{"_id":"69dd1d3dcd84105aed4ada0d","direccio":"amunt","level":"info","message":"Moviment guardat","partidaId":"69dd1ce7cd84105aed4ada0c","x":0,"y":0}
{"level":"info","message":"Partida finalitzada"}
{"distancia":0,"level":"info","message":"Distància calculada"}
{"level":"info","message":"Client desconnectat"}
{"level":"info","message":"Client connectat"}
{"level":"info","message":"Client connectat"}
{"_id":"69dd1ea9cd84105aed4ada11","direccio":"amunt","level":"info","message":"Moviment guardat","partidaId":"69dd1ea1cd84105aed4ada0f","x":0,"y":1}
{"_id":"69dd1eabcd84105aed4ada12","direccio":"amunt","level":"info","message":"Moviment guardat","partidaId":"69dd1ea8cd84105aed4ada10","x":0,"y":1}
{"_id":"69dd1eaccd84105aed4ada13","direccio":"amunt","level":"info","message":"Moviment guardat","partidaId":"69dd1ea8cd84105aed4ada10","x":0,"y":2}
{"_id":"69dd1eaccd84105aed4ada14","direccio":"amunt","level":"info","message":"Moviment guardat","partidaId":"69dd1ea8cd84105aed4ada10","x":0,"y":3}
{"_id":"69dd1eaccd84105aed4ada15","direccio":"amunt","level":"info","message":"Moviment guardat","partidaId":"69dd1ea8cd84105aed4ada10","x":0,"y":4}
{"_id":"69dd1eadcd84105aed4ada16","direccio":"amunt","level":"info","message":"Moviment guardat","partidaId":"69dd1ea8cd84105aed4ada10","x":0,"y":5}
{"_id":"69dd1eadcd84105aed4ada17","direccio":"amunt","level":"info","message":"Moviment guardat","partidaId":"69dd1ea8cd84105aed4ada10","x":0,"y":6}
{"_id":"69dd1eaecd84105aed4ada18","direccio":"amunt","level":"info","message":"Moviment guardat","partidaId":"69dd1ea1cd84105aed4ada0f","x":0,"y":2}
{"_id":"69dd1eaecd84105aed4ada19","direccio":"amunt","level":"info","message":"Moviment guardat","partidaId":"69dd1ea1cd84105aed4ada0f","x":0,"y":3}
{"_id":"69dd1eaecd84105aed4ada1a","direccio":"amunt","level":"info","message":"Moviment guardat","partidaId":"69dd1ea1cd84105aed4ada0f","x":0,"y":4}
{"_id":"69dd1eaecd84105aed4ada1b","direccio":"amunt","level":"info","message":"Moviment guardat","partidaId":"69dd1ea1cd84105aed4ada0f","x":0,"y":5}
{"_id":"69dd1eaecd84105aed4ada1c","direccio":"amunt","level":"info","message":"Moviment guardat","partidaId":"69dd1ea1cd84105aed4ada0f","x":0,"y":6}
{"_id":"69dd1eafcd84105aed4ada1d","direccio":"amunt","level":"info","message":"Moviment guardat","partidaId":"69dd1ea1cd84105aed4ada0f","x":0,"y":7}
{"_id":"69dd1eafcd84105aed4ada1e","direccio":"amunt","level":"info","message":"Moviment guardat","partidaId":"69dd1ea1cd84105aed4ada0f","x":0,"y":8}
{"_id":"69dd1eafcd84105aed4ada1f","direccio":"amunt","level":"info","message":"Moviment guardat","partidaId":"69dd1ea1cd84105aed4ada0f","x":0,"y":9}
{"_id":"69dd1eafcd84105aed4ada20","direccio":"amunt","level":"info","message":"Moviment guardat","partidaId":"69dd1ea1cd84105aed4ada0f","x":0,"y":10}
{"_id":"69dd1eafcd84105aed4ada21","direccio":"amunt","level":"info","message":"Moviment guardat","partidaId":"69dd1ea1cd84105aed4ada0f","x":0,"y":11}
{"_id":"69dd1eafcd84105aed4ada22","direccio":"amunt","level":"info","message":"Moviment guardat","partidaId":"69dd1ea1cd84105aed4ada0f","x":0,"y":12}
{"_id":"69dd1eafcd84105aed4ada23","direccio":"amunt","level":"info","message":"Moviment guardat","partidaId":"69dd1ea1cd84105aed4ada0f","x":0,"y":13}
{"_id":"69dd1eafcd84105aed4ada24","direccio":"amunt","level":"info","message":"Moviment guardat","partidaId":"69dd1ea1cd84105aed4ada0f","x":0,"y":14}
{"_id":"69dd1eafcd84105aed4ada25","direccio":"amunt","level":"info","message":"Moviment guardat","partidaId":"69dd1ea1cd84105aed4ada0f","x":0,"y":15}
{"_id":"69dd1eafcd84105aed4ada26","direccio":"amunt","level":"info","message":"Moviment guardat","partidaId":"69dd1ea1cd84105aed4ada0f","x":0,"y":16}
{"_id":"69dd1eafcd84105aed4ada27","direccio":"amunt","level":"info","message":"Moviment guardat","partidaId":"69dd1ea1cd84105aed4ada0f","x":0,"y":17}
{"_id":"69dd1eafcd84105aed4ada28","direccio":"amunt","level":"info","message":"Moviment guardat","partidaId":"69dd1ea1cd84105aed4ada0f","x":0,"y":18}
{"_id":"69dd1eafcd84105aed4ada29","direccio":"amunt","level":"info","message":"Moviment guardat","partidaId":"69dd1ea1cd84105aed4ada0f","x":0,"y":19}
{"_id":"69dd1eafcd84105aed4ada2a","direccio":"amunt","level":"info","message":"Moviment guardat","partidaId":"69dd1ea1cd84105aed4ada0f","x":0,"y":20}
{"_id":"69dd1eafcd84105aed4ada2b","direccio":"amunt","level":"info","message":"Moviment guardat","partidaId":"69dd1ea1cd84105aed4ada0f","x":0,"y":21}
{"_id":"69dd1eafcd84105aed4ada2c","direccio":"amunt","level":"info","message":"Moviment guardat","partidaId":"69dd1ea1cd84105aed4ada0f","x":0,"y":22}
{"_id":"69dd1eafcd84105aed4ada2d","direccio":"amunt","level":"info","message":"Moviment guardat","partidaId":"69dd1ea1cd84105aed4ada0f","x":0,"y":23}
{"_id":"69dd1eafcd84105aed4ada2e","direccio":"amunt","level":"info","message":"Moviment guardat","partidaId":"69dd1ea1cd84105aed4ada0f","x":0,"y":24}
{"_id":"69dd1eafcd84105aed4ada2f","direccio":"amunt","level":"info","message":"Moviment guardat","partidaId":"69dd1ea1cd84105aed4ada0f","x":0,"y":25}
{"_id":"69dd1eafcd84105aed4ada30","direccio":"amunt","level":"info","message":"Moviment guardat","partidaId":"69dd1ea1cd84105aed4ada0f","x":0,"y":26}
{"_id":"69dd1eafcd84105aed4ada31","direccio":"dreta","level":"info","message":"Moviment guardat","partidaId":"69dd1ea1cd84105aed4ada0f","x":1,"y":26}
{"_id":"69dd1eb0cd84105aed4ada32","direccio":"dreta","level":"info","message":"Moviment guardat","partidaId":"69dd1ea1cd84105aed4ada0f","x":2,"y":26}
{"_id":"69dd1eb0cd84105aed4ada33","direccio":"dreta","level":"info","message":"Moviment guardat","partidaId":"69dd1ea1cd84105aed4ada0f","x":3,"y":26}
{"_id":"69dd1eb0cd84105aed4ada34","direccio":"dreta","level":"info","message":"Moviment guardat","partidaId":"69dd1ea1cd84105aed4ada0f","x":4,"y":26}
{"_id":"69dd1eb0cd84105aed4ada35","direccio":"dreta","level":"info","message":"Moviment guardat","partidaId":"69dd1ea1cd84105aed4ada0f","x":5,"y":26}
{"_id":"69dd1eb0cd84105aed4ada36","direccio":"dreta","level":"info","message":"Moviment guardat","partidaId":"69dd1ea1cd84105aed4ada0f","x":6,"y":26}
{"_id":"69dd1eb0cd84105aed4ada37","direccio":"dreta","level":"info","message":"Moviment guardat","partidaId":"69dd1ea1cd84105aed4ada0f","x":7,"y":26}
{"_id":"69dd1eb0cd84105aed4ada38","direccio":"dreta","level":"info","message":"Moviment guardat","partidaId":"69dd1ea1cd84105aed4ada0f","x":8,"y":26}
{"_id":"69dd1eb0cd84105aed4ada39","direccio":"dreta","level":"info","message":"Moviment guardat","partidaId":"69dd1ea1cd84105aed4ada0f","x":9,"y":26}
{"_id":"69dd1eb0cd84105aed4ada3a","direccio":"dreta","level":"info","message":"Moviment guardat","partidaId":"69dd1ea1cd84105aed4ada0f","x":10,"y":26}
{"_id":"69dd1eb0cd84105aed4ada3b","direccio":"dreta","level":"info","message":"Moviment guardat","partidaId":"69dd1ea1cd84105aed4ada0f","x":11,"y":26}
{"_id":"69dd1eb0cd84105aed4ada3c","direccio":"dreta","level":"info","message":"Moviment guardat","partidaId":"69dd1ea1cd84105aed4ada0f","x":12,"y":26}
{"_id":"69dd1eb0cd84105aed4ada3d","direccio":"dreta","level":"info","message":"Moviment guardat","partidaId":"69dd1ea1cd84105aed4ada0f","x":13,"y":26}
{"_id":"69dd1eb0cd84105aed4ada3e","direccio":"dreta","level":"info","message":"Moviment guardat","partidaId":"69dd1ea1cd84105aed4ada0f","x":14,"y":26}
{"_id":"69dd1eb0cd84105aed4ada3f","direccio":"dreta","level":"info","message":"Moviment guardat","partidaId":"69dd1ea1cd84105aed4ada0f","x":15,"y":26}
{"_id":"69dd1eb0cd84105aed4ada40","direccio":"dreta","level":"info","message":"Moviment guardat","partidaId":"69dd1ea1cd84105aed4ada0f","x":16,"y":26}
{"_id":"69dd1eb0cd84105aed4ada41","direccio":"dreta","level":"info","message":"Moviment guardat","partidaId":"69dd1ea1cd84105aed4ada0f","x":17,"y":26}
{"_id":"69dd1eb0cd84105aed4ada42","direccio":"dreta","level":"info","message":"Moviment guardat","partidaId":"69dd1ea1cd84105aed4ada0f","x":18,"y":26}
{"_id":"69dd1eb0cd84105aed4ada43","direccio":"dreta","level":"info","message":"Moviment guardat","partidaId":"69dd1ea1cd84105aed4ada0f","x":19,"y":26}
{"_id":"69dd1eb0cd84105aed4ada44","direccio":"dreta","level":"info","message":"Moviment guardat","partidaId":"69dd1ea1cd84105aed4ada0f","x":20,"y":26}
{"_id":"69dd1eb0cd84105aed4ada45","direccio":"dreta","level":"info","message":"Moviment guardat","partidaId":"69dd1ea1cd84105aed4ada0f","x":21,"y":26}
{"_id":"69dd1eb0cd84105aed4ada46","direccio":"dreta","level":"info","message":"Moviment guardat","partidaId":"69dd1ea1cd84105aed4ada0f","x":22,"y":26}
{"_id":"69dd1eb0cd84105aed4ada47","direccio":"dreta","level":"info","message":"Moviment guardat","partidaId":"69dd1ea1cd84105aed4ada0f","x":23,"y":26}
{"_id":"69dd1eb0cd84105aed4ada48","direccio":"dreta","level":"info","message":"Moviment guardat","partidaId":"69dd1ea1cd84105aed4ada0f","x":24,"y":26}
{"_id":"69dd1eb0cd84105aed4ada49","direccio":"dreta","level":"info","message":"Moviment guardat","partidaId":"69dd1ea1cd84105aed4ada0f","x":25,"y":26}
{"_id":"69dd1eb0cd84105aed4ada4a","direccio":"dreta","level":"info","message":"Moviment guardat","partidaId":"69dd1ea1cd84105aed4ada0f","x":26,"y":26}
{"_id":"69dd1eb0cd84105aed4ada4b","direccio":"dreta","level":"info","message":"Moviment guardat","partidaId":"69dd1ea1cd84105aed4ada0f","x":27,"y":26}
{"_id":"69dd1eb0cd84105aed4ada4c","direccio":"dreta","level":"info","message":"Moviment guardat","partidaId":"69dd1ea1cd84105aed4ada0f","x":28,"y":26}
{"_id":"69dd1eb0cd84105aed4ada4d","direccio":"dreta","level":"info","message":"Moviment guardat","partidaId":"69dd1ea1cd84105aed4ada0f","x":29,"y":26}
{"_id":"69dd1eb0cd84105aed4ada4e","direccio":"dreta","level":"info","message":"Moviment guardat","partidaId":"69dd1ea1cd84105aed4ada0f","x":30,"y":26}
{"_id":"69dd1eb0cd84105aed4ada4f","direccio":"dreta","level":"info","message":"Moviment guardat","partidaId":"69dd1ea1cd84105aed4ada0f","x":31,"y":26}
{"_id":"69dd1eb1cd84105aed4ada50","direccio":"dreta","level":"info","message":"Moviment guardat","partidaId":"69dd1ea1cd84105aed4ada0f","x":32,"y":26}
{"_id":"69dd1eb1cd84105aed4ada51","direccio":"dreta","level":"info","message":"Moviment guardat","partidaId":"69dd1ea1cd84105aed4ada0f","x":33,"y":26}
{"_id":"69dd1eb1cd84105aed4ada52","direccio":"dreta","level":"info","message":"Moviment guardat","partidaId":"69dd1ea1cd84105aed4ada0f","x":34,"y":26}
{"_id":"69dd1eb1cd84105aed4ada53","direccio":"dreta","level":"info","message":"Moviment guardat","partidaId":"69dd1ea1cd84105aed4ada0f","x":35,"y":26}
{"_id":"69dd1eb1cd84105aed4ada54","direccio":"avall","level":"info","message":"Moviment guardat","partidaId":"69dd1ea8cd84105aed4ada10","x":0,"y":5}
{"_id":"69dd1eb2cd84105aed4ada55","direccio":"avall","level":"info","message":"Moviment guardat","partidaId":"69dd1ea8cd84105aed4ada10","x":0,"y":4}
{"_id":"69dd1eb2cd84105aed4ada56","direccio":"avall","level":"info","message":"Moviment guardat","partidaId":"69dd1ea8cd84105aed4ada10","x":0,"y":3}
{"_id":"69dd1eb2cd84105aed4ada57","direccio":"avall","level":"info","message":"Moviment guardat","partidaId":"69dd1ea8cd84105aed4ada10","x":0,"y":2}
{"_id":"69dd1eb2cd84105aed4ada58","direccio":"avall","level":"info","message":"Moviment guardat","partidaId":"69dd1ea8cd84105aed4ada10","x":0,"y":1}
{"_id":"69dd1eb2cd84105aed4ada59","direccio":"avall","level":"info","message":"Moviment guardat","partidaId":"69dd1ea8cd84105aed4ada10","x":0,"y":0}
{"_id":"69dd1eb2cd84105aed4ada5a","direccio":"avall","level":"info","message":"Moviment guardat","partidaId":"69dd1ea8cd84105aed4ada10","x":0,"y":-1}
{"_id":"69dd1eb2cd84105aed4ada5b","direccio":"avall","level":"info","message":"Moviment guardat","partidaId":"69dd1ea8cd84105aed4ada10","x":0,"y":-2}
{"_id":"69dd1eb2cd84105aed4ada5c","direccio":"avall","level":"info","message":"Moviment guardat","partidaId":"69dd1ea8cd84105aed4ada10","x":0,"y":-3}
{"_id":"69dd1eb2cd84105aed4ada5d","direccio":"avall","level":"info","message":"Moviment guardat","partidaId":"69dd1ea8cd84105aed4ada10","x":0,"y":-4}
{"_id":"69dd1eb2cd84105aed4ada5e","direccio":"avall","level":"info","message":"Moviment guardat","partidaId":"69dd1ea8cd84105aed4ada10","x":0,"y":-5}
{"_id":"69dd1eb2cd84105aed4ada5f","direccio":"avall","level":"info","message":"Moviment guardat","partidaId":"69dd1ea8cd84105aed4ada10","x":0,"y":-6}
{"_id":"69dd1eb2cd84105aed4ada60","direccio":"avall","level":"info","message":"Moviment guardat","partidaId":"69dd1ea8cd84105aed4ada10","x":0,"y":-7}
{"_id":"69dd1eb2cd84105aed4ada61","direccio":"avall","level":"info","message":"Moviment guardat","partidaId":"69dd1ea8cd84105aed4ada10","x":0,"y":-8}
{"_id":"69dd1eb2cd84105aed4ada62","direccio":"avall","level":"info","message":"Moviment guardat","partidaId":"69dd1ea8cd84105aed4ada10","x":0,"y":-9}
{"_id":"69dd1eb2cd84105aed4ada63","direccio":"avall","level":"info","message":"Moviment guardat","partidaId":"69dd1ea8cd84105aed4ada10","x":0,"y":-10}
{"_id":"69dd1eb2cd84105aed4ada64","direccio":"avall","level":"info","message":"Moviment guardat","partidaId":"69dd1ea8cd84105aed4ada10","x":0,"y":-11}
{"_id":"69dd1eb2cd84105aed4ada65","direccio":"avall","level":"info","message":"Moviment guardat","partidaId":"69dd1ea8cd84105aed4ada10","x":0,"y":-12}
{"_id":"69dd1eb2cd84105aed4ada66","direccio":"avall","level":"info","message":"Moviment guardat","partidaId":"69dd1ea8cd84105aed4ada10","x":0,"y":-13}
{"_id":"69dd1eb2cd84105aed4ada67","direccio":"avall","level":"info","message":"Moviment guardat","partidaId":"69dd1ea8cd84105aed4ada10","x":0,"y":-14}
{"_id":"69dd1eb2cd84105aed4ada68","direccio":"avall","level":"info","message":"Moviment guardat","partidaId":"69dd1ea8cd84105aed4ada10","x":0,"y":-15}
{"_id":"69dd1eb2cd84105aed4ada69","direccio":"avall","level":"info","message":"Moviment guardat","partidaId":"69dd1ea8cd84105aed4ada10","x":0,"y":-16}
{"_id":"69dd1eb2cd84105aed4ada6a","direccio":"avall","level":"info","message":"Moviment guardat","partidaId":"69dd1ea8cd84105aed4ada10","x":0,"y":-17}
{"_id":"69dd1eb2cd84105aed4ada6b","direccio":"avall","level":"info","message":"Moviment guardat","partidaId":"69dd1ea8cd84105aed4ada10","x":0,"y":-18}
{"_id":"69dd1eb2cd84105aed4ada6c","direccio":"avall","level":"info","message":"Moviment guardat","partidaId":"69dd1ea8cd84105aed4ada10","x":0,"y":-19}
{"_id":"69dd1eb2cd84105aed4ada6d","direccio":"avall","level":"info","message":"Moviment guardat","partidaId":"69dd1ea8cd84105aed4ada10","x":0,"y":-20}
{"_id":"69dd1eb3cd84105aed4ada6e","direccio":"avall","level":"info","message":"Moviment guardat","partidaId":"69dd1ea8cd84105aed4ada10","x":0,"y":-21}
{"_id":"69dd1eb3cd84105aed4ada6f","direccio":"avall","level":"info","message":"Moviment guardat","partidaId":"69dd1ea8cd84105aed4ada10","x":0,"y":-22}
{"_id":"69dd1eb3cd84105aed4ada70","direccio":"avall","level":"info","message":"Moviment guardat","partidaId":"69dd1ea8cd84105aed4ada10","x":0,"y":-23}
{"_id":"69dd1eb3cd84105aed4ada71","direccio":"avall","level":"info","message":"Moviment guardat","partidaId":"69dd1ea8cd84105aed4ada10","x":0,"y":-24}
{"_id":"69dd1eb3cd84105aed4ada72","direccio":"avall","level":"info","message":"Moviment guardat","partidaId":"69dd1ea8cd84105aed4ada10","x":0,"y":-25}
{"_id":"69dd1eb3cd84105aed4ada73","direccio":"avall","level":"info","message":"Moviment guardat","partidaId":"69dd1ea8cd84105aed4ada10","x":0,"y":-26}
{"_id":"69dd1eb3cd84105aed4ada74","direccio":"avall","level":"info","message":"Moviment guardat","partidaId":"69dd1ea8cd84105aed4ada10","x":0,"y":-27}
{"_id":"69dd1eb3cd84105aed4ada75","direccio":"avall","level":"info","message":"Moviment guardat","partidaId":"69dd1ea8cd84105aed4ada10","x":0,"y":-28}
{"_id":"69dd1eb3cd84105aed4ada76","direccio":"avall","level":"info","message":"Moviment guardat","partidaId":"69dd1ea8cd84105aed4ada10","x":0,"y":-29}
{"_id":"69dd1eb3cd84105aed4ada77","direccio":"avall","level":"info","message":"Moviment guardat","partidaId":"69dd1ea8cd84105aed4ada10","x":0,"y":-30}
{"_id":"69dd1eb3cd84105aed4ada78","direccio":"avall","level":"info","message":"Moviment guardat","partidaId":"69dd1ea8cd84105aed4ada10","x":0,"y":-31}
{"_id":"69dd1eb3cd84105aed4ada79","direccio":"avall","level":"info","message":"Moviment guardat","partidaId":"69dd1ea8cd84105aed4ada10","x":0,"y":-32}
{"_id":"69dd1eb3cd84105aed4ada7a","direccio":"avall","level":"info","message":"Moviment guardat","partidaId":"69dd1ea8cd84105aed4ada10","x":0,"y":-33}
{"_id":"69dd1eb3cd84105aed4ada7b","direccio":"avall","level":"info","message":"Moviment guardat","partidaId":"69dd1ea8cd84105aed4ada10","x":0,"y":-34}
{"_id":"69dd1eb3cd84105aed4ada7c","direccio":"avall","level":"info","message":"Moviment guardat","partidaId":"69dd1ea8cd84105aed4ada10","x":0,"y":-35}
{"_id":"69dd1eb3cd84105aed4ada7d","direccio":"avall","level":"info","message":"Moviment guardat","partidaId":"69dd1ea8cd84105aed4ada10","x":0,"y":-36}
{"_id":"69dd1eb3cd84105aed4ada7e","direccio":"avall","level":"info","message":"Moviment guardat","partidaId":"69dd1ea8cd84105aed4ada10","x":0,"y":-37}
{"_id":"69dd1eb3cd84105aed4ada7f","direccio":"avall","level":"info","message":"Moviment guardat","partidaId":"69dd1ea8cd84105aed4ada10","x":0,"y":-38}
{"level":"info","message":"Partida finalitzada"}
{"distancia":43.01162633521314,"level":"info","message":"Distància calculada"}
{"level":"info","message":"Partida finalitzada"}
{"distancia":39,"level":"info","message":"Distància calculada"}
{"_id":"69dd1ec2cd84105aed4ada82","direccio":"avall","level":"info","message":"Moviment guardat","partidaId":"69dd1ebdcd84105aed4ada81","x":0,"y":0}
{"_id":"69dd1ec2cd84105aed4ada83","direccio":"avall","level":"info","message":"Moviment guardat","partidaId":"69dd1ebdcd84105aed4ada81","x":0,"y":0}
{"_id":"69dd1ec2cd84105aed4ada84","direccio":"avall","level":"info","message":"Moviment guardat","partidaId":"69dd1ebdcd84105aed4ada81","x":0,"y":0}
{"level":"info","message":"Client desconnectat"}
{"level":"info","message":"Client desconnectat"}
{"level":"info","message":"Partida finalitzada"}
{"distancia":0,"level":"info","message":"Distància calculada"}
{"level":"info","message":"Servidor WebSocket a localhost:8000"}
{"level":"info","message":"Connectat a MongoDB"}
{"level":"info","message":"Client connectat"}
{"_id":"69dd1fd1035831ba33f6a1d9","direccio":"amunt","level":"info","message":"Moviment guardat","partidaId":"69dd1fcb035831ba33f6a1d8","x":0,"y":1}
{"_id":"69dd1fd1035831ba33f6a1da","direccio":"amunt","level":"info","message":"Moviment guardat","partidaId":"69dd1fcb035831ba33f6a1d8","x":0,"y":2}
{"_id":"69dd1fd2035831ba33f6a1db","direccio":"amunt","level":"info","message":"Moviment guardat","partidaId":"69dd1fcb035831ba33f6a1d8","x":0,"y":3}
{"_id":"69dd1fd2035831ba33f6a1dc","direccio":"amunt","level":"info","message":"Moviment guardat","partidaId":"69dd1fcb035831ba33f6a1d8","x":0,"y":4}
{"_id":"69dd1fd2035831ba33f6a1dd","direccio":"amunt","level":"info","message":"Moviment guardat","partidaId":"69dd1fcb035831ba33f6a1d8","x":0,"y":5}
{"_id":"69dd1fd2035831ba33f6a1de","direccio":"avall","level":"info","message":"Moviment guardat","partidaId":"69dd1fcb035831ba33f6a1d8","x":0,"y":4}
{"_id":"69dd1fd2035831ba33f6a1df","direccio":"avall","level":"info","message":"Moviment guardat","partidaId":"69dd1fcb035831ba33f6a1d8","x":0,"y":3}
{"_id":"69dd1fd2035831ba33f6a1e0","direccio":"avall","level":"info","message":"Moviment guardat","partidaId":"69dd1fcb035831ba33f6a1d8","x":0,"y":2}
{"_id":"69dd1fd3035831ba33f6a1e1","direccio":"dreta","level":"info","message":"Moviment guardat","partidaId":"69dd1fcb035831ba33f6a1d8","x":1,"y":2}
{"level":"info","message":"Partida finalitzada"}
{"distancia":1.4142135623730951,"level":"info","message":"Distància calculada"}
{"level":"info","message":"Servidor WebSocket a localhost:8000"}
{"level":"info","message":"Connectat a MongoDB"}
{"level":"info","message":"Client connectat"}
{"_id":"69dd20ac12e3cf789fd6bbc0","direccio":"dreta","level":"info","message":"Moviment guardat","partidaId":"69dd20ab12e3cf789fd6bbbf","x":1,"y":0}
{"_id":"69dd20ac12e3cf789fd6bbc1","direccio":"dreta","level":"info","message":"Moviment guardat","partidaId":"69dd20ab12e3cf789fd6bbbf","x":2,"y":0}
{"_id":"69dd20ad12e3cf789fd6bbc2","direccio":"dreta","level":"info","message":"Moviment guardat","partidaId":"69dd20ab12e3cf789fd6bbbf","x":3,"y":0}
{"_id":"69dd20ad12e3cf789fd6bbc3","direccio":"dreta","level":"info","message":"Moviment guardat","partidaId":"69dd20ab12e3cf789fd6bbbf","x":4,"y":0}
{"_id":"69dd20ad12e3cf789fd6bbc4","direccio":"avall","level":"info","message":"Moviment guardat","partidaId":"69dd20ab12e3cf789fd6bbbf","x":4,"y":-1}
{"_id":"69dd20ad12e3cf789fd6bbc5","direccio":"amunt","level":"info","message":"Moviment guardat","partidaId":"69dd20ab12e3cf789fd6bbbf","x":4,"y":0}
{"_id":"69dd20ad12e3cf789fd6bbc6","direccio":"avall","level":"info","message":"Moviment guardat","partidaId":"69dd20ab12e3cf789fd6bbbf","x":4,"y":-1}
{"_id":"69dd20ae12e3cf789fd6bbc7","direccio":"amunt","level":"info","message":"Moviment guardat","partidaId":"69dd20ab12e3cf789fd6bbbf","x":4,"y":0}
{"_id":"69dd20ae12e3cf789fd6bbc8","direccio":"avall","level":"info","message":"Moviment guardat","partidaId":"69dd20ab12e3cf789fd6bbbf","x":4,"y":-1}
{"_id":"69dd20ae12e3cf789fd6bbc9","direccio":"amunt","level":"info","message":"Moviment guardat","partidaId":"69dd20ab12e3cf789fd6bbbf","x":4,"y":0}
{"level":"info","message":"Partida finalitzada"}
{"distancia":3,"level":"info","message":"Distància calculada"}
{"_id":"69dd20ca12e3cf789fd6bbcb","direccio":"amunt","level":"info","message":"Moviment guardat","partidaId":"69dd20b812e3cf789fd6bbca","x":0,"y":1}
{"_id":"69dd20ca12e3cf789fd6bbcc","direccio":"amunt","level":"info","message":"Moviment guardat","partidaId":"69dd20b812e3cf789fd6bbca","x":0,"y":2}
{"_id":"69dd20ca12e3cf789fd6bbcd","direccio":"amunt","level":"info","message":"Moviment guardat","partidaId":"69dd20b812e3cf789fd6bbca","x":0,"y":3}
{"level":"info","message":"Client desconnectat"}
{"level":"info","message":"Client connectat"}
{"level":"info","message":"Partida finalitzada"}
{"distancia":2,"level":"info","message":"Distància calculada"}
{"level":"info","message":"Servidor WebSocket a localhost:8000"}
{"level":"info","message":"Connectat a MongoDB"}
{"level":"info","message":"Client connectat"}
{"level":"info","message":"Client desconnectat"}
{"level":"info","message":"Client connectat"}
{"level":"info","message":"Client desconnectat"}
{"level":"info","message":"Servidor WebSocket a localhost:8000"}
{"level":"info","message":"Connectat a MongoDB"}
{"level":"info","message":"Client connectat"}
{"_id":"69dd21078f0f5e5dc5e9f69c","direccio":"amunt","level":"info","message":"Moviment guardat","partidaId":"69dd21058f0f5e5dc5e9f69b","x":0,"y":1}
{"_id":"69dd21078f0f5e5dc5e9f69d","direccio":"amunt","level":"info","message":"Moviment guardat","partidaId":"69dd21058f0f5e5dc5e9f69b","x":0,"y":1}
{"level":"info","message":"Client desconnectat"}
{"level":"info","message":"Client connectat"}
{"level":"info","message":"Client desconnectat"}
{"level":"info","message":"Client connectat"}
{"_id":"69dd210b8f0f5e5dc5e9f6a0","direccio":"amunt","level":"info","message":"Moviment guardat","partidaId":"69dd210b8f0f5e5dc5e9f69f","x":0,"y":1}
{"level":"info","message":"Client desconnectat"}
{"level":"info","message":"Client connectat"}
{"level":"info","message":"Client desconnectat"}
{"level":"info","message":"Client connectat"}
{"level":"info","message":"Client desconnectat"}
{"level":"info","message":"Client connectat"}
{"level":"info","message":"Client desconnectat"}
{"level":"info","message":"Partida finalitzada"}
{"distancia":0,"level":"info","message":"Distància calculada"}
{"level":"info","message":"Partida finalitzada"}
{"distancia":0,"level":"info","message":"Distància calculada"}
{"level":"info","message":"Client connectat"}
{"_id":"69dd21188f0f5e5dc5e9f6a7","direccio":"amunt","level":"info","message":"Moviment guardat","partidaId":"69dd21188f0f5e5dc5e9f6a6","x":0,"y":1}
{"_id":"69dd21198f0f5e5dc5e9f6a8","direccio":"amunt","level":"info","message":"Moviment guardat","partidaId":"69dd21188f0f5e5dc5e9f6a6","x":0,"y":1}
{"level":"info","message":"Client desconnectat"}
{"level":"info","message":"Client connectat"}
{"level":"info","message":"Client desconnectat"}
{"level":"info","message":"Client connectat"}
{"level":"info","message":"Client desconnectat"}
{"level":"info","message":"Client connectat"}
{"level":"info","message":"Client connectat"}
{"level":"info","message":"Partida finalitzada"}
{"distancia":0,"level":"info","message":"Distància calculada"}
{"level":"info","message":"Client desconnectat"}
{"level":"info","message":"Servidor WebSocket a localhost:8000"}
{"level":"info","message":"Connectat a MongoDB"}
{"level":"info","message":"Client connectat"}
{"level":"info","message":"Client connectat"}
{"level":"info","message":"Client desconnectat"}
{"level":"info","message":"Client desconnectat"}
{"level":"info","message":"Servidor WebSocket a localhost:8000"}
{"level":"info","message":"Connectat a MongoDB"}
{"level":"info","message":"Client connectat"}
{"level":"info","message":"Client connectat"}
{"level":"info","message":"Client connectat"}
{"level":"info","message":"Client connectat"}
{"level":"info","message":"Client desconnectat"}
{"level":"info","message":"Client desconnectat"}
{"level":"info","message":"Client desconnectat"}
{"level":"info","message":"Client desconnectat"}
{"level":"info","message":"Servidor WebSocket a localhost:8000"}
{"level":"info","message":"Connectat a MongoDB"}
{"level":"info","message":"Client connectat"}
{"level":"info","message":"Client connectat"}
{"level":"info","message":"Client connectat"}
{"level":"info","message":"Client connectat"}
{"level":"info","message":"Servidor WebSocket a localhost:8000"}
{"level":"info","message":"Connectat a MongoDB"}
{"level":"info","message":"Client connectat"}
{"level":"info","message":"Client desconnectat"}
{"level":"info","message":"Servidor WebSocket a localhost:8000"}
{"level":"info","message":"Connectat a MongoDB"}
{"level":"info","message":"Client connectat"}
{"direccio":"amunt","level":"info","message":"Moviment guardat","partidaId":"69dd2466966643abb64a9bac","x":0,"y":1}
{"direccio":"amunt","level":"info","message":"Moviment guardat","partidaId":"69dd2466966643abb64a9bac","x":0,"y":2}
{"direccio":"amunt","level":"info","message":"Moviment guardat","partidaId":"69dd2466966643abb64a9bac","x":0,"y":3}
{"direccio":"amunt","level":"info","message":"Moviment guardat","partidaId":"69dd2466966643abb64a9bac","x":0,"y":4}
{"direccio":"amunt","level":"info","message":"Moviment guardat","partidaId":"69dd2466966643abb64a9bac","x":0,"y":5}
{"direccio":"amunt","level":"info","message":"Moviment guardat","partidaId":"69dd2466966643abb64a9bac","x":0,"y":6}
{"direccio":"amunt","level":"info","message":"Moviment guardat","partidaId":"69dd2466966643abb64a9bac","x":0,"y":7}
{"direccio":"amunt","level":"info","message":"Moviment guardat","partidaId":"69dd2466966643abb64a9bac","x":0,"y":8}
{"direccio":"amunt","level":"info","message":"Moviment guardat","partidaId":"69dd2466966643abb64a9bac","x":0,"y":9}
{"direccio":"amunt","level":"info","message":"Moviment guardat","partidaId":"69dd2466966643abb64a9bac","x":0,"y":10}
{"direccio":"amunt","level":"info","message":"Moviment guardat","partidaId":"69dd2466966643abb64a9bac","x":0,"y":11}
{"direccio":"amunt","level":"info","message":"Moviment guardat","partidaId":"69dd2466966643abb64a9bac","x":0,"y":12}
{"direccio":"amunt","level":"info","message":"Moviment guardat","partidaId":"69dd2466966643abb64a9bac","x":0,"y":13}
{"direccio":"amunt","level":"info","message":"Moviment guardat","partidaId":"69dd2466966643abb64a9bac","x":0,"y":14}
{"direccio":"amunt","level":"info","message":"Moviment guardat","partidaId":"69dd2466966643abb64a9bac","x":0,"y":15}
{"direccio":"amunt","level":"info","message":"Moviment guardat","partidaId":"69dd2466966643abb64a9bac","x":0,"y":16}
{"direccio":"amunt","level":"info","message":"Moviment guardat","partidaId":"69dd2466966643abb64a9bac","x":0,"y":17}
{"direccio":"amunt","level":"info","message":"Moviment guardat","partidaId":"69dd2466966643abb64a9bac","x":0,"y":18}
{"direccio":"amunt","level":"info","message":"Moviment guardat","partidaId":"69dd2466966643abb64a9bac","x":0,"y":18}
{"direccio":"amunt","level":"info","message":"Moviment guardat","partidaId":"69dd2466966643abb64a9bac","x":0,"y":19}
{"direccio":"amunt","level":"info","message":"Moviment guardat","partidaId":"69dd2466966643abb64a9bac","x":0,"y":20}
{"direccio":"amunt","level":"info","message":"Moviment guardat","partidaId":"69dd2466966643abb64a9bac","x":0,"y":21}
{"direccio":"amunt","level":"info","message":"Moviment guardat","partidaId":"69dd2466966643abb64a9bac","x":0,"y":22}
{"direccio":"amunt","level":"info","message":"Moviment guardat","partidaId":"69dd2466966643abb64a9bac","x":0,"y":23}
{"direccio":"amunt","level":"info","message":"Moviment guardat","partidaId":"69dd2466966643abb64a9bac","x":0,"y":24}
{"level":"info","message":"Partida finalitzada"}
{"distancia":23,"level":"info","message":"Distància calculada"}
{"level":"info","message":"server_iniciat","port":8000}
{"level":"info","message":"Connectat a MongoDB"}
{"level":"info","message":"Client connectat"}
{"direccio":"amunt","level":"info","message":"player_move","partidaId":"69dd2517569df2eeca8a5f7e","x":0,"y":1}
{"direccio":"amunt","level":"info","message":"player_move","partidaId":"69dd2517569df2eeca8a5f7e","x":0,"y":1}
{"direccio":"amunt","level":"info","message":"player_move","partidaId":"69dd2517569df2eeca8a5f7e","x":0,"y":2}
{"direccio":"amunt","level":"info","message":"player_move","partidaId":"69dd2517569df2eeca8a5f7e","x":0,"y":2}
{"direccio":"amunt","level":"info","message":"player_move","partidaId":"69dd2517569df2eeca8a5f7e","x":0,"y":3}
{"direccio":"amunt","level":"info","message":"player_move","partidaId":"69dd2517569df2eeca8a5f7e","x":0,"y":4}
{"direccio":"amunt","level":"info","message":"player_move","partidaId":"69dd2517569df2eeca8a5f7e","x":0,"y":5}
{"direccio":"amunt","level":"info","message":"player_move","partidaId":"69dd2517569df2eeca8a5f7e","x":0,"y":6}
{"direccio":"amunt","level":"info","message":"player_move","partidaId":"69dd2517569df2eeca8a5f7e","x":0,"y":7}
{"direccio":"amunt","level":"info","message":"player_move","partidaId":"69dd2517569df2eeca8a5f7e","x":0,"y":8}
{"direccio":"amunt","level":"info","message":"player_move","partidaId":"69dd2517569df2eeca8a5f7e","x":0,"y":9}
{"direccio":"dreta","level":"info","message":"player_move","partidaId":"69dd2517569df2eeca8a5f7e","x":1,"y":9}
{"direccio":"dreta","level":"info","message":"player_move","partidaId":"69dd2517569df2eeca8a5f7e","x":2,"y":9}
{"direccio":"dreta","level":"info","message":"player_move","partidaId":"69dd2517569df2eeca8a5f7e","x":3,"y":9}
{"direccio":"dreta","level":"info","message":"player_move","partidaId":"69dd2517569df2eeca8a5f7e","x":4,"y":9}
{"direccio":"dreta","level":"info","message":"player_move","partidaId":"69dd2517569df2eeca8a5f7e","x":5,"y":9}
{"direccio":"dreta","level":"info","message":"player_move","partidaId":"69dd2517569df2eeca8a5f7e","x":6,"y":9}
{"direccio":"dreta","level":"info","message":"player_move","partidaId":"69dd2517569df2eeca8a5f7e","x":7,"y":9}
{"level":"info","message":"partida_finalizada","partidaId":"69dd2517569df2eeca8a5f7e"}
{"distancia":10.63014581273465,"level":"info","message":"distancia_calculada","partidaId":"69dd2517569df2eeca8a5f7e"}
{"level":"info","message":"client_desconnectat"}
